#
# A fatal error has been detected by the Java Runtime Environment:
#
#  EXCEPTION_ACCESS_VIOLATION (0xc0000005) at pc=0x00007ffdc7f58026, pid=7596, tid=2408
#
# JRE version: Java(TM) SE Runtime Environment 18.9 (11.0.19+9) (build 11.0.19+9-LTS-224)
# Java VM: Java HotSpot(TM) 64-Bit Server VM 18.9 (11.0.19+9-LTS-224, mixed mode, tiered, compressed oops, g1 gc, windows-amd64)
# Problematic frame:
# C  [d3d9.dll+0x118026]
#
# No core dump will be written. Minidumps are not enabled by default on client versions of Windows
#
# If you would like to submit a bug report, please visit:
#   https://bugreport.java.com/bugreport/crash.jsp
# The crash happened outside the Java Virtual Machine in native code.
# See problematic frame for where to report the bug.
#

---------------  S U M M A R Y ------------

Command Line: -javaagent:C:\Program Files\JetBrains\IntelliJ IDEA Community Edition 2023.1\lib\idea_rt.jar=50207:C:\Program Files\JetBrains\IntelliJ IDEA Community Edition 2023.1\bin -Dfile.encoding=UTF-8 --module-path=C:\Program Files\javafx-sdk-11.0.2\lib\javafx.web.jar;C:\Users\Ignition\Repos\Advanced Java programming with JavaFx\JavaFxEmailClient\out\production\JavaFxEmailClient;C:\Program Files\javafx-sdk-11.0.2\lib\javafx.fxml.jar;C:\Program Files\javafx-sdk-11.0.2\lib\javafx.base.jar;C:\Program Files\javafx-sdk-11.0.2\lib\javafx.graphics.jar;C:\Program Files\javafx-sdk-11.0.2\lib\javafx.media.jar;C:\Program Files\javafx-sdk-11.0.2\lib\javafx.controls.jar -Djdk.module.main=JavaFxEmailClient JavaFxEmailClient/com.barosanu.Launcher

Host: 12th Gen Intel(R) Core(TM) i5-12400F, 12 cores, 15G,  Windows 10 , 64 bit Build 19041 (10.0.19041.3031)
Time: Tue Jun 27 20:48:50 2023  Windows 10 , 64 bit Build 19041 (10.0.19041.3031) elapsed time: 4.477461 seconds (0d 0h 0m 4s)

---------------  T H R E A D  ---------------

Current thread (0x0000015be01a5000):  JavaThread "QuantumRenderer-0" daemon [_thread_in_native, id=2408, stack(0x00000007c5200000,0x00000007c5300000)]

Stack: [0x00000007c5200000,0x00000007c5300000],  sp=0x00000007c52fe350,  free space=1016k
Native frames: (J=compiled Java code, j=interpreted, Vv=VM code, C=native code)
C  [d3d9.dll+0x118026]

Java frames: (J=compiled Java code, j=interpreted, Vv=VM code)
j  com.sun.prism.d3d.D3DSwapChain.nPresent(JJ)I+0 javafx.graphics
j  com.sun.prism.d3d.D3DSwapChain.present()Z+16 javafx.graphics
j  com.sun.javafx.tk.quantum.PresentingPainter.run()V+446 javafx.graphics
j  java.util.concurrent.Executors$RunnableAdapter.call()Ljava/lang/Object;+4 java.base@11.0.19
j  java.util.concurrent.FutureTask.runAndReset()Z+44 java.base@11.0.19
j  com.sun.javafx.tk.RenderJob.run()V+1 javafx.graphics
j  java.util.concurrent.ThreadPoolExecutor.runWorker(Ljava/util/concurrent/ThreadPoolExecutor$Worker;)V+92 java.base@11.0.19
j  java.util.concurrent.ThreadPoolExecutor$Worker.run()V+5 java.base@11.0.19
j  com.sun.javafx.tk.quantum.QuantumRenderer$PipelineRunnable.run()V+8 javafx.graphics
j  java.lang.Thread.run()V+11 java.base@11.0.19
v  ~StubRoutines::call_stub

siginfo: EXCEPTION_ACCESS_VIOLATION (0xc0000005), reading address 0x00000002000101f4


Register to memory mapping:

RIP=0x00007ffdc7f58026 d3d9.dll
RAX=0x00000002000100e4 is an unknown value
RBX=0x0000015be0a71700 points into unknown readable memory: 0x0000015be0a75cf0 | f0 5c a7 e0 5b 01 00 00
RCX=0x0000015be14b5f58 points into unknown readable memory: 0x00000002000100e4 | e4 00 01 00 02 00 00 00
RDX=0x0000015be0a71708 points into unknown readable memory: 0x0000000000000000 | 00 00 00 00 00 00 00 00
RSP=0x00000007c52fe350 is pointing into the stack for thread: 0x0000015be01a5000
RBP=0x0 is NULL
RSI=0x0 is NULL
RDI=0x0000015be14b5f58 points into unknown readable memory: 0x00000002000100e4 | e4 00 01 00 02 00 00 00
R8 =0x0 is NULL
R9 =0x000000007ffe7000 points into unknown readable memory: 0x00000000546c6148 | 48 61 6c 54 00 00 00 00
R10=0x00000000546c6148 is an unknown value
R11=0xfffffffff7ef29b0 is an unknown value
R12=0x0 is NULL
R13=0x0 is NULL
R14=0x00000007c52fee40 is pointing into the stack for thread: 0x0000015be01a5000
R15=0x0 is NULL


Registers:
RAX=0x00000002000100e4, RBX=0x0000015be0a71700, RCX=0x0000015be14b5f58, RDX=0x0000015be0a71708
RSP=0x00000007c52fe350, RBP=0x0000000000000000, RSI=0x0000000000000000, RDI=0x0000015be14b5f58
R8 =0x0000000000000000, R9 =0x000000007ffe7000, R10=0x00000000546c6148, R11=0xfffffffff7ef29b0
R12=0x0000000000000000, R13=0x0000000000000000, R14=0x00000007c52fee40, R15=0x0000000000000000
RIP=0x00007ffdc7f58026, EFLAGS=0x0000000000010202

Top of Stack: (sp=0x00000007c52fe350)
0x00000007c52fe350:   0000015c2a9ae298 0000000000000000
0x00000007c52fe360:   0000015be0a3cf60 00003b28cc3fc6cf
0x00000007c52fe370:   0000015be0a71708 0000000000000000
0x00000007c52fe380:   0000000000000000 0000000100000001
0x00000007c52fe390:   0000000000000000 0000015c2f953ac4
0x00000007c52fe3a0:   0000015c37946098 00000007c52fee40
0x00000007c52fe3b0:   0000000000000000 0000000000000000
0x00000007c52fe3c0:   0000015c2e18deb8 0000015c2f9b0265
0x00000007c52fe3d0:   0000000cbd415f27 0000e69ff778bd64
0x00000007c52fe3e0:   00000007c52fee40 0000000000000000
0x00000007c52fe3f0:   0000015c2e18deb8 0000015c2f963a28
0x00000007c52fe400:   0000015c2e18deb8 ffffffffb653282c
0x00000007c52fe410:   0000000000000004 0000015c2e18deb8
0x00000007c52fe420:   0000000000000019 0000015be0a71708
0x00000007c52fe430:   0000000000000000 0000015c2f963589
0x00000007c52fe440:   0000015c2e18deb8 0000015c2e18deb8 

Instructions: (pc=0x00007ffdc7f58026)
0x00007ffdc7f58006:   24 20 e8 2f 7a ef ff b8 6c 08 76 88 e9 63 02 00
0x00007ffdc7f58016:   00 48 85 ff 0f 84 6d 01 00 00 48 8b 07 48 8b cf
0x00007ffdc7f58026:   48 8b 80 10 01 00 00 ff 15 f5 fd 03 00 48 3b c3
0x00007ffdc7f58036:   74 33 41 b9 e0 07 00 00 4c 8d 05 7b b9 07 00 48 


Stack slot to memory mapping:
stack at sp + 0 slots: 0x0000015c2a9ae298 points into unknown readable memory: 0x80000a5c3cddf61b | 1b f6 dd 3c 5c 0a 00 80
stack at sp + 1 slots: 0x0 is NULL
stack at sp + 2 slots: 0x0000015be0a3cf60 points into unknown readable memory: 0x0000000a0000000a | 0a 00 00 00 0a 00 00 00
stack at sp + 3 slots: 0x00003b28cc3fc6cf is an unknown value
stack at sp + 4 slots: 0x0000015be0a71708 points into unknown readable memory: 0x0000000000000000 | 00 00 00 00 00 00 00 00
stack at sp + 5 slots: 0x0 is NULL
stack at sp + 6 slots: 0x0 is NULL
stack at sp + 7 slots: 0x0000000100000001 is an unknown value


---------------  P R O C E S S  ---------------

Threads class SMR info:
_java_thread_list=0x0000015be12d73a0, length=19, elements={
0x0000015bba02f800, 0x0000015bdefd9000, 0x0000015bdf889800, 0x0000015bdf8e6800,
0x0000015bdf8e8000, 0x0000015bdf8ea000, 0x0000015bdf8ed000, 0x0000015bdf8fa800,
0x0000015bdf91f000, 0x0000015bdfa43000, 0x0000015be0376800, 0x0000015be01a5000,
0x0000015be0830800, 0x0000015be06f4000, 0x0000015be09b8800, 0x0000015be0946000,
0x0000015be13de800, 0x0000015be0f21800, 0x0000015c2ddf1800
}

Java Threads: ( => current thread )
  0x0000015bba02f800 JavaThread "main" [_thread_blocked, id=8872, stack(0x00000007c3e00000,0x00000007c3f00000)]
  0x0000015bdefd9000 JavaThread "Reference Handler" daemon [_thread_blocked, id=2684, stack(0x00000007c4500000,0x00000007c4600000)]
  0x0000015bdf889800 JavaThread "Finalizer" daemon [_thread_blocked, id=2728, stack(0x00000007c4600000,0x00000007c4700000)]
  0x0000015bdf8e6800 JavaThread "Signal Dispatcher" daemon [_thread_blocked, id=1388, stack(0x00000007c4700000,0x00000007c4800000)]
  0x0000015bdf8e8000 JavaThread "Attach Listener" daemon [_thread_blocked, id=13184, stack(0x00000007c4800000,0x00000007c4900000)]
  0x0000015bdf8ea000 JavaThread "Service Thread" daemon [_thread_blocked, id=1828, stack(0x00000007c4900000,0x00000007c4a00000)]
  0x0000015bdf8ed000 JavaThread "C2 CompilerThread0" daemon [_thread_blocked, id=10304, stack(0x00000007c4a00000,0x00000007c4b00000)]
  0x0000015bdf8fa800 JavaThread "C1 CompilerThread0" daemon [_thread_blocked, id=15192, stack(0x00000007c4b00000,0x00000007c4c00000)]
  0x0000015bdf91f000 JavaThread "Sweeper thread" daemon [_thread_blocked, id=13688, stack(0x00000007c4c00000,0x00000007c4d00000)]
  0x0000015bdfa43000 JavaThread "Common-Cleaner" daemon [_thread_blocked, id=7452, stack(0x00000007c4d00000,0x00000007c4e00000)]
  0x0000015be0376800 JavaThread "Monitor Ctrl-Break" daemon [_thread_in_native, id=2300, stack(0x00000007c5000000,0x00000007c5100000)]
=>0x0000015be01a5000 JavaThread "QuantumRenderer-0" daemon [_thread_in_native, id=2408, stack(0x00000007c5200000,0x00000007c5300000)]
  0x0000015be0830800 JavaThread "InvokeLaterDispatcher" daemon [_thread_blocked, id=8948, stack(0x00000007c5400000,0x00000007c5500000)]
  0x0000015be06f4000 JavaThread "JavaFX Application Thread" [_thread_blocked, id=9568, stack(0x00000007c5500000,0x00000007c5600000)]
  0x0000015be09b8800 JavaThread "JavaFX-Launcher" [_thread_blocked, id=7292, stack(0x00000007c5800000,0x00000007c5900000)]
  0x0000015be0946000 JavaThread "Thread-2" daemon [_thread_in_native, id=7148, stack(0x00000007c5700000,0x00000007c5800000)]
  0x0000015be13de800 JavaThread "Prism Font Disposer" daemon [_thread_blocked, id=7064, stack(0x00000007c5e00000,0x00000007c5f00000)]
  0x0000015be0f21800 JavaThread "Disposer" daemon [_thread_blocked, id=10352, stack(0x00000007c5f00000,0x00000007c6000000)]
  0x0000015c2ddf1800 JavaThread "Cleaner-0" daemon [_thread_blocked, id=15124, stack(0x00000007c6c40000,0x00000007c6d40000)]

Other Threads:
  0x0000015bdefd5800 VMThread "VM Thread" [stack: 0x00000007c4400000,0x00000007c4500000] [id=2400]
  0x0000015be041c800 WatcherThread [stack: 0x00000007c5100000,0x00000007c5200000] [id=13332]
  0x0000015bba046800 GCTaskThread "GC Thread#0" [stack: 0x00000007c3f00000,0x00000007c4000000] [id=8996]
  0x0000015be094b000 GCTaskThread "GC Thread#1" [stack: 0x00000007c5900000,0x00000007c5a00000] [id=9140]
  0x0000015be0941000 GCTaskThread "GC Thread#2" [stack: 0x00000007c5a00000,0x00000007c5b00000] [id=9336]
  0x0000015be0939800 GCTaskThread "GC Thread#3" [stack: 0x00000007c5b00000,0x00000007c5c00000] [id=10268]
  0x0000015be0989800 GCTaskThread "GC Thread#4" [stack: 0x00000007c5c00000,0x00000007c5d00000] [id=10480]
  0x0000015be098a000 GCTaskThread "GC Thread#5" [stack: 0x00000007c5d00000,0x00000007c5e00000] [id=9076]
  0x0000015bba0a2800 ConcurrentGCThread "G1 Main Marker" [stack: 0x00000007c4000000,0x00000007c4100000] [id=8940]
  0x0000015bba0a5000 ConcurrentGCThread "G1 Conc#0" [stack: 0x00000007c4100000,0x00000007c4200000] [id=12032]
  0x0000015be0e75800 ConcurrentGCThread "G1 Conc#1" [stack: 0x00000007c6300000,0x00000007c6400000] [id=2996]
  0x0000015be13dd800 ConcurrentGCThread "G1 Conc#2" [stack: 0x00000007c6400000,0x00000007c6500000] [id=2576]
  0x0000015bdeec2800 ConcurrentGCThread "G1 Refine#0" [stack: 0x00000007c4200000,0x00000007c4300000] [id=10204]
  0x0000015bdeec3000 ConcurrentGCThread "G1 Young RemSet Sampling" [stack: 0x00000007c4300000,0x00000007c4400000] [id=3960]

Threads with active compile tasks:

VM state:not at safepoint (normal execution)

VM Mutex/Monitor currently owned by a thread: None

Heap address: 0x00000004d7400000, size: 4050 MB, Compressed Oops mode: Zero based, Oop shift amount: 3
Narrow klass base: 0x0000000000000000, Narrow klass shift: 3
Compressed class space size: 1073741824 Address: 0x00000005d4600000

Heap:
 garbage-first heap   total 260096K, used 32252K [0x00000004d7400000, 0x00000005d4600000)
  region size 1024K, 31 young (31744K), 7 survivors (7168K)
 Metaspace       used 26314K, capacity 27389K, committed 27520K, reserved 1073152K
  class space    used 3441K, capacity 3907K, committed 3968K, reserved 1048576K
Heap Regions: E=young(eden), S=young(survivor), O=old, HS=humongous(starts), HC=humongous(continues), CS=collection set, F=free, A=archive, TAMS=top-at-mark-start (previous, next)
|   0|0x00000004d7400000, 0x00000004d7404200, 0x00000004d7500000|  1%| O|  |TAMS 0x00000004d7404200, 0x00000004d7400000| Untracked 
|   1|0x00000004d7500000, 0x00000004d7600000, 0x00000004d7600000|100%|HS|  |TAMS 0x00000004d7500000, 0x00000004d7500000| Complete 
|   2|0x00000004d7600000, 0x00000004d7700000, 0x00000004d7700000|100%|HC|  |TAMS 0x00000004d7600000, 0x00000004d7600000| Complete 
|   3|0x00000004d7700000, 0x00000004d7700000, 0x00000004d7800000|  0%| F|  |TAMS 0x00000004d7700000, 0x00000004d7700000| Untracked 
|   4|0x00000004d7800000, 0x00000004d7800000, 0x00000004d7900000|  0%| F|  |TAMS 0x00000004d7800000, 0x00000004d7800000| Untracked 
|   5|0x00000004d7900000, 0x00000004d7900000, 0x00000004d7a00000|  0%| F|  |TAMS 0x00000004d7900000, 0x00000004d7900000| Untracked 
|   6|0x00000004d7a00000, 0x00000004d7a00000, 0x00000004d7b00000|  0%| F|  |TAMS 0x00000004d7a00000, 0x00000004d7a00000| Untracked 
|   7|0x00000004d7b00000, 0x00000004d7b00000, 0x00000004d7c00000|  0%| F|  |TAMS 0x00000004d7b00000, 0x00000004d7b00000| Untracked 
|   8|0x00000004d7c00000, 0x00000004d7c00000, 0x00000004d7d00000|  0%| F|  |TAMS 0x00000004d7c00000, 0x00000004d7c00000| Untracked 
|   9|0x00000004d7d00000, 0x00000004d7d00000, 0x00000004d7e00000|  0%| F|  |TAMS 0x00000004d7d00000, 0x00000004d7d00000| Untracked 
|  10|0x00000004d7e00000, 0x00000004d7e00000, 0x00000004d7f00000|  0%| F|  |TAMS 0x00000004d7e00000, 0x00000004d7e00000| Untracked 
|  11|0x00000004d7f00000, 0x00000004d7f00000, 0x00000004d8000000|  0%| F|  |TAMS 0x00000004d7f00000, 0x00000004d7f00000| Untracked 
|  12|0x00000004d8000000, 0x00000004d8000000, 0x00000004d8100000|  0%| F|  |TAMS 0x00000004d8000000, 0x00000004d8000000| Untracked 
|  13|0x00000004d8100000, 0x00000004d8100000, 0x00000004d8200000|  0%| F|  |TAMS 0x00000004d8100000, 0x00000004d8100000| Untracked 
|  14|0x00000004d8200000, 0x00000004d8200000, 0x00000004d8300000|  0%| F|  |TAMS 0x00000004d8200000, 0x00000004d8200000| Untracked 
|  15|0x00000004d8300000, 0x00000004d8300000, 0x00000004d8400000|  0%| F|  |TAMS 0x00000004d8300000, 0x00000004d8300000| Untracked 
|  16|0x00000004d8400000, 0x00000004d8400000, 0x00000004d8500000|  0%| F|  |TAMS 0x00000004d8400000, 0x00000004d8400000| Untracked 
|  17|0x00000004d8500000, 0x00000004d8500000, 0x00000004d8600000|  0%| F|  |TAMS 0x00000004d8500000, 0x00000004d8500000| Untracked 
|  18|0x00000004d8600000, 0x00000004d8600000, 0x00000004d8700000|  0%| F|  |TAMS 0x00000004d8600000, 0x00000004d8600000| Untracked 
|  19|0x00000004d8700000, 0x00000004d8700000, 0x00000004d8800000|  0%| F|  |TAMS 0x00000004d8700000, 0x00000004d8700000| Untracked 
|  20|0x00000004d8800000, 0x00000004d8800000, 0x00000004d8900000|  0%| F|  |TAMS 0x00000004d8800000, 0x00000004d8800000| Untracked 
|  21|0x00000004d8900000, 0x00000004d8900000, 0x00000004d8a00000|  0%| F|  |TAMS 0x00000004d8900000, 0x00000004d8900000| Untracked 
|  22|0x00000004d8a00000, 0x00000004d8a00000, 0x00000004d8b00000|  0%| F|  |TAMS 0x00000004d8a00000, 0x00000004d8a00000| Untracked 
|  23|0x00000004d8b00000, 0x00000004d8b00000, 0x00000004d8c00000|  0%| F|  |TAMS 0x00000004d8b00000, 0x00000004d8b00000| Untracked 
|  24|0x00000004d8c00000, 0x00000004d8c00000, 0x00000004d8d00000|  0%| F|  |TAMS 0x00000004d8c00000, 0x00000004d8c00000| Untracked 
|  25|0x00000004d8d00000, 0x00000004d8d00000, 0x00000004d8e00000|  0%| F|  |TAMS 0x00000004d8d00000, 0x00000004d8d00000| Untracked 
|  26|0x00000004d8e00000, 0x00000004d8e00000, 0x00000004d8f00000|  0%| F|  |TAMS 0x00000004d8e00000, 0x00000004d8e00000| Untracked 
|  27|0x00000004d8f00000, 0x00000004d8f00000, 0x00000004d9000000|  0%| F|  |TAMS 0x00000004d8f00000, 0x00000004d8f00000| Untracked 
|  28|0x00000004d9000000, 0x00000004d9000000, 0x00000004d9100000|  0%| F|  |TAMS 0x00000004d9000000, 0x00000004d9000000| Untracked 
|  29|0x00000004d9100000, 0x00000004d9100000, 0x00000004d9200000|  0%| F|  |TAMS 0x00000004d9100000, 0x00000004d9100000| Untracked 
|  30|0x00000004d9200000, 0x00000004d9200000, 0x00000004d9300000|  0%| F|  |TAMS 0x00000004d9200000, 0x00000004d9200000| Untracked 
|  31|0x00000004d9300000, 0x00000004d9300000, 0x00000004d9400000|  0%| F|  |TAMS 0x00000004d9300000, 0x00000004d9300000| Untracked 
|  32|0x00000004d9400000, 0x00000004d9400000, 0x00000004d9500000|  0%| F|  |TAMS 0x00000004d9400000, 0x00000004d9400000| Untracked 
|  33|0x00000004d9500000, 0x00000004d9500000, 0x00000004d9600000|  0%| F|  |TAMS 0x00000004d9500000, 0x00000004d9500000| Untracked 
|  34|0x00000004d9600000, 0x00000004d9600000, 0x00000004d9700000|  0%| F|  |TAMS 0x00000004d9600000, 0x00000004d9600000| Untracked 
|  35|0x00000004d9700000, 0x00000004d9700000, 0x00000004d9800000|  0%| F|  |TAMS 0x00000004d9700000, 0x00000004d9700000| Untracked 
|  36|0x00000004d9800000, 0x00000004d9800000, 0x00000004d9900000|  0%| F|  |TAMS 0x00000004d9800000, 0x00000004d9800000| Untracked 
|  37|0x00000004d9900000, 0x00000004d9900000, 0x00000004d9a00000|  0%| F|  |TAMS 0x00000004d9900000, 0x00000004d9900000| Untracked 
|  38|0x00000004d9a00000, 0x00000004d9a00000, 0x00000004d9b00000|  0%| F|  |TAMS 0x00000004d9a00000, 0x00000004d9a00000| Untracked 
|  39|0x00000004d9b00000, 0x00000004d9b00000, 0x00000004d9c00000|  0%| F|  |TAMS 0x00000004d9b00000, 0x00000004d9b00000| Untracked 
|  40|0x00000004d9c00000, 0x00000004d9c00000, 0x00000004d9d00000|  0%| F|  |TAMS 0x00000004d9c00000, 0x00000004d9c00000| Untracked 
|  41|0x00000004d9d00000, 0x00000004d9d00000, 0x00000004d9e00000|  0%| F|  |TAMS 0x00000004d9d00000, 0x00000004d9d00000| Untracked 
|  42|0x00000004d9e00000, 0x00000004d9e00000, 0x00000004d9f00000|  0%| F|  |TAMS 0x00000004d9e00000, 0x00000004d9e00000| Untracked 
|  43|0x00000004d9f00000, 0x00000004d9f00000, 0x00000004da000000|  0%| F|  |TAMS 0x00000004d9f00000, 0x00000004d9f00000| Untracked 
|  44|0x00000004da000000, 0x00000004da000000, 0x00000004da100000|  0%| F|  |TAMS 0x00000004da000000, 0x00000004da000000| Untracked 
|  45|0x00000004da100000, 0x00000004da100000, 0x00000004da200000|  0%| F|  |TAMS 0x00000004da100000, 0x00000004da100000| Untracked 
|  46|0x00000004da200000, 0x00000004da200000, 0x00000004da300000|  0%| F|  |TAMS 0x00000004da200000, 0x00000004da200000| Untracked 
|  47|0x00000004da300000, 0x00000004da300000, 0x00000004da400000|  0%| F|  |TAMS 0x00000004da300000, 0x00000004da300000| Untracked 
|  48|0x00000004da400000, 0x00000004da400000, 0x00000004da500000|  0%| F|  |TAMS 0x00000004da400000, 0x00000004da400000| Untracked 
|  49|0x00000004da500000, 0x00000004da500000, 0x00000004da600000|  0%| F|  |TAMS 0x00000004da500000, 0x00000004da500000| Untracked 
|  50|0x00000004da600000, 0x00000004da600000, 0x00000004da700000|  0%| F|  |TAMS 0x00000004da600000, 0x00000004da600000| Untracked 
|  51|0x00000004da700000, 0x00000004da700000, 0x00000004da800000|  0%| F|  |TAMS 0x00000004da700000, 0x00000004da700000| Untracked 
|  52|0x00000004da800000, 0x00000004da800000, 0x00000004da900000|  0%| F|  |TAMS 0x00000004da800000, 0x00000004da800000| Untracked 
|  53|0x00000004da900000, 0x00000004da900000, 0x00000004daa00000|  0%| F|  |TAMS 0x00000004da900000, 0x00000004da900000| Untracked 
|  54|0x00000004daa00000, 0x00000004daa00000, 0x00000004dab00000|  0%| F|  |TAMS 0x00000004daa00000, 0x00000004daa00000| Untracked 
|  55|0x00000004dab00000, 0x00000004dab00000, 0x00000004dac00000|  0%| F|  |TAMS 0x00000004dab00000, 0x00000004dab00000| Untracked 
|  56|0x00000004dac00000, 0x00000004dac00000, 0x00000004dad00000|  0%| F|  |TAMS 0x00000004dac00000, 0x00000004dac00000| Untracked 
|  57|0x00000004dad00000, 0x00000004dad00000, 0x00000004dae00000|  0%| F|  |TAMS 0x00000004dad00000, 0x00000004dad00000| Untracked 
|  58|0x00000004dae00000, 0x00000004dae00000, 0x00000004daf00000|  0%| F|  |TAMS 0x00000004dae00000, 0x00000004dae00000| Untracked 
|  59|0x00000004daf00000, 0x00000004daf00000, 0x00000004db000000|  0%| F|  |TAMS 0x00000004daf00000, 0x00000004daf00000| Untracked 
|  60|0x00000004db000000, 0x00000004db000000, 0x00000004db100000|  0%| F|  |TAMS 0x00000004db000000, 0x00000004db000000| Untracked 
|  61|0x00000004db100000, 0x00000004db100000, 0x00000004db200000|  0%| F|  |TAMS 0x00000004db100000, 0x00000004db100000| Untracked 
|  62|0x00000004db200000, 0x00000004db200000, 0x00000004db300000|  0%| F|  |TAMS 0x00000004db200000, 0x00000004db200000| Untracked 
|  63|0x00000004db300000, 0x00000004db300000, 0x00000004db400000|  0%| F|  |TAMS 0x00000004db300000, 0x00000004db300000| Untracked 
|  64|0x00000004db400000, 0x00000004db400000, 0x00000004db500000|  0%| F|  |TAMS 0x00000004db400000, 0x00000004db400000| Untracked 
|  65|0x00000004db500000, 0x00000004db500000, 0x00000004db600000|  0%| F|  |TAMS 0x00000004db500000, 0x00000004db500000| Untracked 
|  66|0x00000004db600000, 0x00000004db600000, 0x00000004db700000|  0%| F|  |TAMS 0x00000004db600000, 0x00000004db600000| Untracked 
|  67|0x00000004db700000, 0x00000004db700000, 0x00000004db800000|  0%| F|  |TAMS 0x00000004db700000, 0x00000004db700000| Untracked 
|  68|0x00000004db800000, 0x00000004db800000, 0x00000004db900000|  0%| F|  |TAMS 0x00000004db800000, 0x00000004db800000| Untracked 
|  69|0x00000004db900000, 0x00000004db900000, 0x00000004dba00000|  0%| F|  |TAMS 0x00000004db900000, 0x00000004db900000| Untracked 
|  70|0x00000004dba00000, 0x00000004dba00000, 0x00000004dbb00000|  0%| F|  |TAMS 0x00000004dba00000, 0x00000004dba00000| Untracked 
|  71|0x00000004dbb00000, 0x00000004dbb00000, 0x00000004dbc00000|  0%| F|  |TAMS 0x00000004dbb00000, 0x00000004dbb00000| Untracked 
|  72|0x00000004dbc00000, 0x00000004dbc00000, 0x00000004dbd00000|  0%| F|  |TAMS 0x00000004dbc00000, 0x00000004dbc00000| Untracked 
|  73|0x00000004dbd00000, 0x00000004dbd00000, 0x00000004dbe00000|  0%| F|  |TAMS 0x00000004dbd00000, 0x00000004dbd00000| Untracked 
|  74|0x00000004dbe00000, 0x00000004dbe00000, 0x00000004dbf00000|  0%| F|  |TAMS 0x00000004dbe00000, 0x00000004dbe00000| Untracked 
|  75|0x00000004dbf00000, 0x00000004dbf00000, 0x00000004dc000000|  0%| F|  |TAMS 0x00000004dbf00000, 0x00000004dbf00000| Untracked 
|  76|0x00000004dc000000, 0x00000004dc000000, 0x00000004dc100000|  0%| F|  |TAMS 0x00000004dc000000, 0x00000004dc000000| Untracked 
|  77|0x00000004dc100000, 0x00000004dc100000, 0x00000004dc200000|  0%| F|  |TAMS 0x00000004dc100000, 0x00000004dc100000| Untracked 
|  78|0x00000004dc200000, 0x00000004dc200000, 0x00000004dc300000|  0%| F|  |TAMS 0x00000004dc200000, 0x00000004dc200000| Untracked 
|  79|0x00000004dc300000, 0x00000004dc300000, 0x00000004dc400000|  0%| F|  |TAMS 0x00000004dc300000, 0x00000004dc300000| Untracked 
|  80|0x00000004dc400000, 0x00000004dc400000, 0x00000004dc500000|  0%| F|  |TAMS 0x00000004dc400000, 0x00000004dc400000| Untracked 
|  81|0x00000004dc500000, 0x00000004dc500000, 0x00000004dc600000|  0%| F|  |TAMS 0x00000004dc500000, 0x00000004dc500000| Untracked 
|  82|0x00000004dc600000, 0x00000004dc600000, 0x00000004dc700000|  0%| F|  |TAMS 0x00000004dc600000, 0x00000004dc600000| Untracked 
|  83|0x00000004dc700000, 0x00000004dc700000, 0x00000004dc800000|  0%| F|  |TAMS 0x00000004dc700000, 0x00000004dc700000| Untracked 
|  84|0x00000004dc800000, 0x00000004dc800000, 0x00000004dc900000|  0%| F|  |TAMS 0x00000004dc800000, 0x00000004dc800000| Untracked 
|  85|0x00000004dc900000, 0x00000004dc900000, 0x00000004dca00000|  0%| F|  |TAMS 0x00000004dc900000, 0x00000004dc900000| Untracked 
|  86|0x00000004dca00000, 0x00000004dca00000, 0x00000004dcb00000|  0%| F|  |TAMS 0x00000004dca00000, 0x00000004dca00000| Untracked 
|  87|0x00000004dcb00000, 0x00000004dcb00000, 0x00000004dcc00000|  0%| F|  |TAMS 0x00000004dcb00000, 0x00000004dcb00000| Untracked 
|  88|0x00000004dcc00000, 0x00000004dcc00000, 0x00000004dcd00000|  0%| F|  |TAMS 0x00000004dcc00000, 0x00000004dcc00000| Untracked 
|  89|0x00000004dcd00000, 0x00000004dcd00000, 0x00000004dce00000|  0%| F|  |TAMS 0x00000004dcd00000, 0x00000004dcd00000| Untracked 
|  90|0x00000004dce00000, 0x00000004dce00000, 0x00000004dcf00000|  0%| F|  |TAMS 0x00000004dce00000, 0x00000004dce00000| Untracked 
|  91|0x00000004dcf00000, 0x00000004dcf00000, 0x00000004dd000000|  0%| F|  |TAMS 0x00000004dcf00000, 0x00000004dcf00000| Untracked 
|  92|0x00000004dd000000, 0x00000004dd000000, 0x00000004dd100000|  0%| F|  |TAMS 0x00000004dd000000, 0x00000004dd000000| Untracked 
|  93|0x00000004dd100000, 0x00000004dd100000, 0x00000004dd200000|  0%| F|  |TAMS 0x00000004dd100000, 0x00000004dd100000| Untracked 
|  94|0x00000004dd200000, 0x00000004dd200000, 0x00000004dd300000|  0%| F|  |TAMS 0x00000004dd200000, 0x00000004dd200000| Untracked 
|  95|0x00000004dd300000, 0x00000004dd300000, 0x00000004dd400000|  0%| F|  |TAMS 0x00000004dd300000, 0x00000004dd300000| Untracked 
|  96|0x00000004dd400000, 0x00000004dd400000, 0x00000004dd500000|  0%| F|  |TAMS 0x00000004dd400000, 0x00000004dd400000| Untracked 
|  97|0x00000004dd500000, 0x00000004dd500000, 0x00000004dd600000|  0%| F|  |TAMS 0x00000004dd500000, 0x00000004dd500000| Untracked 
|  98|0x00000004dd600000, 0x00000004dd600000, 0x00000004dd700000|  0%| F|  |TAMS 0x00000004dd600000, 0x00000004dd600000| Untracked 
|  99|0x00000004dd700000, 0x00000004dd700000, 0x00000004dd800000|  0%| F|  |TAMS 0x00000004dd700000, 0x00000004dd700000| Untracked 
| 100|0x00000004dd800000, 0x00000004dd800000, 0x00000004dd900000|  0%| F|  |TAMS 0x00000004dd800000, 0x00000004dd800000| Untracked 
| 101|0x00000004dd900000, 0x00000004dd900000, 0x00000004dda00000|  0%| F|  |TAMS 0x00000004dd900000, 0x00000004dd900000| Untracked 
| 102|0x00000004dda00000, 0x00000004dda00000, 0x00000004ddb00000|  0%| F|  |TAMS 0x00000004dda00000, 0x00000004dda00000| Untracked 
| 103|0x00000004ddb00000, 0x00000004ddb00000, 0x00000004ddc00000|  0%| F|  |TAMS 0x00000004ddb00000, 0x00000004ddb00000| Untracked 
| 104|0x00000004ddc00000, 0x00000004ddc00000, 0x00000004ddd00000|  0%| F|  |TAMS 0x00000004ddc00000, 0x00000004ddc00000| Untracked 
| 105|0x00000004ddd00000, 0x00000004ddd00000, 0x00000004dde00000|  0%| F|  |TAMS 0x00000004ddd00000, 0x00000004ddd00000| Untracked 
| 106|0x00000004dde00000, 0x00000004dde00000, 0x00000004ddf00000|  0%| F|  |TAMS 0x00000004dde00000, 0x00000004dde00000| Untracked 
| 107|0x00000004ddf00000, 0x00000004ddf00000, 0x00000004de000000|  0%| F|  |TAMS 0x00000004ddf00000, 0x00000004ddf00000| Untracked 
| 108|0x00000004de000000, 0x00000004de000000, 0x00000004de100000|  0%| F|  |TAMS 0x00000004de000000, 0x00000004de000000| Untracked 
| 109|0x00000004de100000, 0x00000004de100000, 0x00000004de200000|  0%| F|  |TAMS 0x00000004de100000, 0x00000004de100000| Untracked 
| 110|0x00000004de200000, 0x00000004de200000, 0x00000004de300000|  0%| F|  |TAMS 0x00000004de200000, 0x00000004de200000| Untracked 
| 111|0x00000004de300000, 0x00000004de300000, 0x00000004de400000|  0%| F|  |TAMS 0x00000004de300000, 0x00000004de300000| Untracked 
| 112|0x00000004de400000, 0x00000004de400000, 0x00000004de500000|  0%| F|  |TAMS 0x00000004de400000, 0x00000004de400000| Untracked 
| 113|0x00000004de500000, 0x00000004de500000, 0x00000004de600000|  0%| F|  |TAMS 0x00000004de500000, 0x00000004de500000| Untracked 
| 114|0x00000004de600000, 0x00000004de600000, 0x00000004de700000|  0%| F|  |TAMS 0x00000004de600000, 0x00000004de600000| Untracked 
| 115|0x00000004de700000, 0x00000004de700000, 0x00000004de800000|  0%| F|  |TAMS 0x00000004de700000, 0x00000004de700000| Untracked 
| 116|0x00000004de800000, 0x00000004de800000, 0x00000004de900000|  0%| F|  |TAMS 0x00000004de800000, 0x00000004de800000| Untracked 
| 117|0x00000004de900000, 0x00000004de900000, 0x00000004dea00000|  0%| F|  |TAMS 0x00000004de900000, 0x00000004de900000| Untracked 
| 118|0x00000004dea00000, 0x00000004dea00000, 0x00000004deb00000|  0%| F|  |TAMS 0x00000004dea00000, 0x00000004dea00000| Untracked 
| 119|0x00000004deb00000, 0x00000004deb00000, 0x00000004dec00000|  0%| F|  |TAMS 0x00000004deb00000, 0x00000004deb00000| Untracked 
| 120|0x00000004dec00000, 0x00000004dec00000, 0x00000004ded00000|  0%| F|  |TAMS 0x00000004dec00000, 0x00000004dec00000| Untracked 
| 121|0x00000004ded00000, 0x00000004ded00000, 0x00000004dee00000|  0%| F|  |TAMS 0x00000004ded00000, 0x00000004ded00000| Untracked 
| 122|0x00000004dee00000, 0x00000004dee00000, 0x00000004def00000|  0%| F|  |TAMS 0x00000004dee00000, 0x00000004dee00000| Untracked 
| 123|0x00000004def00000, 0x00000004def00000, 0x00000004df000000|  0%| F|  |TAMS 0x00000004def00000, 0x00000004def00000| Untracked 
| 124|0x00000004df000000, 0x00000004df000000, 0x00000004df100000|  0%| F|  |TAMS 0x00000004df000000, 0x00000004df000000| Untracked 
| 125|0x00000004df100000, 0x00000004df100000, 0x00000004df200000|  0%| F|  |TAMS 0x00000004df100000, 0x00000004df100000| Untracked 
| 126|0x00000004df200000, 0x00000004df200000, 0x00000004df300000|  0%| F|  |TAMS 0x00000004df200000, 0x00000004df200000| Untracked 
| 127|0x00000004df300000, 0x00000004df300000, 0x00000004df400000|  0%| F|  |TAMS 0x00000004df300000, 0x00000004df300000| Untracked 
| 128|0x00000004df400000, 0x00000004df400000, 0x00000004df500000|  0%| F|  |TAMS 0x00000004df400000, 0x00000004df400000| Untracked 
| 129|0x00000004df500000, 0x00000004df500000, 0x00000004df600000|  0%| F|  |TAMS 0x00000004df500000, 0x00000004df500000| Untracked 
| 130|0x00000004df600000, 0x00000004df600000, 0x00000004df700000|  0%| F|  |TAMS 0x00000004df600000, 0x00000004df600000| Untracked 
| 131|0x00000004df700000, 0x00000004df700000, 0x00000004df800000|  0%| F|  |TAMS 0x00000004df700000, 0x00000004df700000| Untracked 
| 132|0x00000004df800000, 0x00000004df800000, 0x00000004df900000|  0%| F|  |TAMS 0x00000004df800000, 0x00000004df800000| Untracked 
| 133|0x00000004df900000, 0x00000004df900000, 0x00000004dfa00000|  0%| F|  |TAMS 0x00000004df900000, 0x00000004df900000| Untracked 
| 134|0x00000004dfa00000, 0x00000004dfa00000, 0x00000004dfb00000|  0%| F|  |TAMS 0x00000004dfa00000, 0x00000004dfa00000| Untracked 
| 135|0x00000004dfb00000, 0x00000004dfb00000, 0x00000004dfc00000|  0%| F|  |TAMS 0x00000004dfb00000, 0x00000004dfb00000| Untracked 
| 136|0x00000004dfc00000, 0x00000004dfc00000, 0x00000004dfd00000|  0%| F|  |TAMS 0x00000004dfc00000, 0x00000004dfc00000| Untracked 
| 137|0x00000004dfd00000, 0x00000004dfd00000, 0x00000004dfe00000|  0%| F|  |TAMS 0x00000004dfd00000, 0x00000004dfd00000| Untracked 
| 138|0x00000004dfe00000, 0x00000004dfe00000, 0x00000004dff00000|  0%| F|  |TAMS 0x00000004dfe00000, 0x00000004dfe00000| Untracked 
| 139|0x00000004dff00000, 0x00000004dff00000, 0x00000004e0000000|  0%| F|  |TAMS 0x00000004dff00000, 0x00000004dff00000| Untracked 
| 140|0x00000004e0000000, 0x00000004e0000000, 0x00000004e0100000|  0%| F|  |TAMS 0x00000004e0000000, 0x00000004e0000000| Untracked 
| 141|0x00000004e0100000, 0x00000004e0100000, 0x00000004e0200000|  0%| F|  |TAMS 0x00000004e0100000, 0x00000004e0100000| Untracked 
| 142|0x00000004e0200000, 0x00000004e0200000, 0x00000004e0300000|  0%| F|  |TAMS 0x00000004e0200000, 0x00000004e0200000| Untracked 
| 143|0x00000004e0300000, 0x00000004e0300000, 0x00000004e0400000|  0%| F|  |TAMS 0x00000004e0300000, 0x00000004e0300000| Untracked 
| 144|0x00000004e0400000, 0x00000004e0400000, 0x00000004e0500000|  0%| F|  |TAMS 0x00000004e0400000, 0x00000004e0400000| Untracked 
| 145|0x00000004e0500000, 0x00000004e0500000, 0x00000004e0600000|  0%| F|  |TAMS 0x00000004e0500000, 0x00000004e0500000| Untracked 
| 146|0x00000004e0600000, 0x00000004e0600000, 0x00000004e0700000|  0%| F|  |TAMS 0x00000004e0600000, 0x00000004e0600000| Untracked 
| 147|0x00000004e0700000, 0x00000004e0700000, 0x00000004e0800000|  0%| F|  |TAMS 0x00000004e0700000, 0x00000004e0700000| Untracked 
| 148|0x00000004e0800000, 0x00000004e0800000, 0x00000004e0900000|  0%| F|  |TAMS 0x00000004e0800000, 0x00000004e0800000| Untracked 
| 149|0x00000004e0900000, 0x00000004e0900000, 0x00000004e0a00000|  0%| F|  |TAMS 0x00000004e0900000, 0x00000004e0900000| Untracked 
| 150|0x00000004e0a00000, 0x00000004e0a00000, 0x00000004e0b00000|  0%| F|  |TAMS 0x00000004e0a00000, 0x00000004e0a00000| Untracked 
| 151|0x00000004e0b00000, 0x00000004e0b00000, 0x00000004e0c00000|  0%| F|  |TAMS 0x00000004e0b00000, 0x00000004e0b00000| Untracked 
| 152|0x00000004e0c00000, 0x00000004e0c00000, 0x00000004e0d00000|  0%| F|  |TAMS 0x00000004e0c00000, 0x00000004e0c00000| Untracked 
| 153|0x00000004e0d00000, 0x00000004e0d00000, 0x00000004e0e00000|  0%| F|  |TAMS 0x00000004e0d00000, 0x00000004e0d00000| Untracked 
| 154|0x00000004e0e00000, 0x00000004e0e00000, 0x00000004e0f00000|  0%| F|  |TAMS 0x00000004e0e00000, 0x00000004e0e00000| Untracked 
| 155|0x00000004e0f00000, 0x00000004e0f00000, 0x00000004e1000000|  0%| F|  |TAMS 0x00000004e0f00000, 0x00000004e0f00000| Untracked 
| 156|0x00000004e1000000, 0x00000004e1000000, 0x00000004e1100000|  0%| F|  |TAMS 0x00000004e1000000, 0x00000004e1000000| Untracked 
| 157|0x00000004e1100000, 0x00000004e1100000, 0x00000004e1200000|  0%| F|  |TAMS 0x00000004e1100000, 0x00000004e1100000| Untracked 
| 158|0x00000004e1200000, 0x00000004e1200000, 0x00000004e1300000|  0%| F|  |TAMS 0x00000004e1200000, 0x00000004e1200000| Untracked 
| 159|0x00000004e1300000, 0x00000004e1300000, 0x00000004e1400000|  0%| F|  |TAMS 0x00000004e1300000, 0x00000004e1300000| Untracked 
| 160|0x00000004e1400000, 0x00000004e1400000, 0x00000004e1500000|  0%| F|  |TAMS 0x00000004e1400000, 0x00000004e1400000| Untracked 
| 161|0x00000004e1500000, 0x00000004e1500000, 0x00000004e1600000|  0%| F|  |TAMS 0x00000004e1500000, 0x00000004e1500000| Untracked 
| 162|0x00000004e1600000, 0x00000004e1600000, 0x00000004e1700000|  0%| F|  |TAMS 0x00000004e1600000, 0x00000004e1600000| Untracked 
| 163|0x00000004e1700000, 0x00000004e1700000, 0x00000004e1800000|  0%| F|  |TAMS 0x00000004e1700000, 0x00000004e1700000| Untracked 
| 164|0x00000004e1800000, 0x00000004e1800000, 0x00000004e1900000|  0%| F|  |TAMS 0x00000004e1800000, 0x00000004e1800000| Untracked 
| 165|0x00000004e1900000, 0x00000004e1900000, 0x00000004e1a00000|  0%| F|  |TAMS 0x00000004e1900000, 0x00000004e1900000| Untracked 
| 166|0x00000004e1a00000, 0x00000004e1a00000, 0x00000004e1b00000|  0%| F|  |TAMS 0x00000004e1a00000, 0x00000004e1a00000| Untracked 
| 167|0x00000004e1b00000, 0x00000004e1b00000, 0x00000004e1c00000|  0%| F|  |TAMS 0x00000004e1b00000, 0x00000004e1b00000| Untracked 
| 168|0x00000004e1c00000, 0x00000004e1c00000, 0x00000004e1d00000|  0%| F|  |TAMS 0x00000004e1c00000, 0x00000004e1c00000| Untracked 
| 169|0x00000004e1d00000, 0x00000004e1d00000, 0x00000004e1e00000|  0%| F|  |TAMS 0x00000004e1d00000, 0x00000004e1d00000| Untracked 
| 170|0x00000004e1e00000, 0x00000004e1e00000, 0x00000004e1f00000|  0%| F|  |TAMS 0x00000004e1e00000, 0x00000004e1e00000| Untracked 
| 171|0x00000004e1f00000, 0x00000004e1f00000, 0x00000004e2000000|  0%| F|  |TAMS 0x00000004e1f00000, 0x00000004e1f00000| Untracked 
| 172|0x00000004e2000000, 0x00000004e2000000, 0x00000004e2100000|  0%| F|  |TAMS 0x00000004e2000000, 0x00000004e2000000| Untracked 
| 173|0x00000004e2100000, 0x00000004e2100000, 0x00000004e2200000|  0%| F|  |TAMS 0x00000004e2100000, 0x00000004e2100000| Untracked 
| 174|0x00000004e2200000, 0x00000004e2200000, 0x00000004e2300000|  0%| F|  |TAMS 0x00000004e2200000, 0x00000004e2200000| Untracked 
| 175|0x00000004e2300000, 0x00000004e2300000, 0x00000004e2400000|  0%| F|  |TAMS 0x00000004e2300000, 0x00000004e2300000| Untracked 
| 176|0x00000004e2400000, 0x00000004e2400000, 0x00000004e2500000|  0%| F|  |TAMS 0x00000004e2400000, 0x00000004e2400000| Untracked 
| 177|0x00000004e2500000, 0x00000004e2500000, 0x00000004e2600000|  0%| F|  |TAMS 0x00000004e2500000, 0x00000004e2500000| Untracked 
| 178|0x00000004e2600000, 0x00000004e2600000, 0x00000004e2700000|  0%| F|  |TAMS 0x00000004e2600000, 0x00000004e2600000| Untracked 
| 179|0x00000004e2700000, 0x00000004e2700000, 0x00000004e2800000|  0%| F|  |TAMS 0x00000004e2700000, 0x00000004e2700000| Untracked 
| 180|0x00000004e2800000, 0x00000004e2800000, 0x00000004e2900000|  0%| F|  |TAMS 0x00000004e2800000, 0x00000004e2800000| Untracked 
| 181|0x00000004e2900000, 0x00000004e2900000, 0x00000004e2a00000|  0%| F|  |TAMS 0x00000004e2900000, 0x00000004e2900000| Untracked 
| 182|0x00000004e2a00000, 0x00000004e2a00000, 0x00000004e2b00000|  0%| F|  |TAMS 0x00000004e2a00000, 0x00000004e2a00000| Untracked 
| 183|0x00000004e2b00000, 0x00000004e2b00000, 0x00000004e2c00000|  0%| F|  |TAMS 0x00000004e2b00000, 0x00000004e2b00000| Untracked 
| 184|0x00000004e2c00000, 0x00000004e2c00000, 0x00000004e2d00000|  0%| F|  |TAMS 0x00000004e2c00000, 0x00000004e2c00000| Untracked 
| 185|0x00000004e2d00000, 0x00000004e2d00000, 0x00000004e2e00000|  0%| F|  |TAMS 0x00000004e2d00000, 0x00000004e2d00000| Untracked 
| 186|0x00000004e2e00000, 0x00000004e2e00000, 0x00000004e2f00000|  0%| F|  |TAMS 0x00000004e2e00000, 0x00000004e2e00000| Untracked 
| 187|0x00000004e2f00000, 0x00000004e2f00000, 0x00000004e3000000|  0%| F|  |TAMS 0x00000004e2f00000, 0x00000004e2f00000| Untracked 
| 188|0x00000004e3000000, 0x00000004e3000000, 0x00000004e3100000|  0%| F|  |TAMS 0x00000004e3000000, 0x00000004e3000000| Untracked 
| 189|0x00000004e3100000, 0x00000004e3100000, 0x00000004e3200000|  0%| F|  |TAMS 0x00000004e3100000, 0x00000004e3100000| Untracked 
| 190|0x00000004e3200000, 0x00000004e3200000, 0x00000004e3300000|  0%| F|  |TAMS 0x00000004e3200000, 0x00000004e3200000| Untracked 
| 191|0x00000004e3300000, 0x00000004e3300000, 0x00000004e3400000|  0%| F|  |TAMS 0x00000004e3300000, 0x00000004e3300000| Untracked 
| 192|0x00000004e3400000, 0x00000004e3400000, 0x00000004e3500000|  0%| F|  |TAMS 0x00000004e3400000, 0x00000004e3400000| Untracked 
| 193|0x00000004e3500000, 0x00000004e3500000, 0x00000004e3600000|  0%| F|  |TAMS 0x00000004e3500000, 0x00000004e3500000| Untracked 
| 194|0x00000004e3600000, 0x00000004e3600000, 0x00000004e3700000|  0%| F|  |TAMS 0x00000004e3600000, 0x00000004e3600000| Untracked 
| 195|0x00000004e3700000, 0x00000004e3700000, 0x00000004e3800000|  0%| F|  |TAMS 0x00000004e3700000, 0x00000004e3700000| Untracked 
| 196|0x00000004e3800000, 0x00000004e3800000, 0x00000004e3900000|  0%| F|  |TAMS 0x00000004e3800000, 0x00000004e3800000| Untracked 
| 197|0x00000004e3900000, 0x00000004e3900000, 0x00000004e3a00000|  0%| F|  |TAMS 0x00000004e3900000, 0x00000004e3900000| Untracked 
| 198|0x00000004e3a00000, 0x00000004e3a00000, 0x00000004e3b00000|  0%| F|  |TAMS 0x00000004e3a00000, 0x00000004e3a00000| Untracked 
| 199|0x00000004e3b00000, 0x00000004e3b00000, 0x00000004e3c00000|  0%| F|  |TAMS 0x00000004e3b00000, 0x00000004e3b00000| Untracked 
| 200|0x00000004e3c00000, 0x00000004e3c00000, 0x00000004e3d00000|  0%| F|  |TAMS 0x00000004e3c00000, 0x00000004e3c00000| Untracked 
| 201|0x00000004e3d00000, 0x00000004e3d00000, 0x00000004e3e00000|  0%| F|  |TAMS 0x00000004e3d00000, 0x00000004e3d00000| Untracked 
| 202|0x00000004e3e00000, 0x00000004e3e00000, 0x00000004e3f00000|  0%| F|  |TAMS 0x00000004e3e00000, 0x00000004e3e00000| Untracked 
| 203|0x00000004e3f00000, 0x00000004e3f00000, 0x00000004e4000000|  0%| F|  |TAMS 0x00000004e3f00000, 0x00000004e3f00000| Untracked 
| 204|0x00000004e4000000, 0x00000004e4000000, 0x00000004e4100000|  0%| F|  |TAMS 0x00000004e4000000, 0x00000004e4000000| Untracked 
| 205|0x00000004e4100000, 0x00000004e4100000, 0x00000004e4200000|  0%| F|  |TAMS 0x00000004e4100000, 0x00000004e4100000| Untracked 
| 206|0x00000004e4200000, 0x00000004e4200000, 0x00000004e4300000|  0%| F|  |TAMS 0x00000004e4200000, 0x00000004e4200000| Untracked 
| 207|0x00000004e4300000, 0x00000004e4300000, 0x00000004e4400000|  0%| F|  |TAMS 0x00000004e4300000, 0x00000004e4300000| Untracked 
| 208|0x00000004e4400000, 0x00000004e4400000, 0x00000004e4500000|  0%| F|  |TAMS 0x00000004e4400000, 0x00000004e4400000| Untracked 
| 209|0x00000004e4500000, 0x00000004e4500000, 0x00000004e4600000|  0%| F|  |TAMS 0x00000004e4500000, 0x00000004e4500000| Untracked 
| 210|0x00000004e4600000, 0x00000004e4600000, 0x00000004e4700000|  0%| F|  |TAMS 0x00000004e4600000, 0x00000004e4600000| Untracked 
| 211|0x00000004e4700000, 0x00000004e4700000, 0x00000004e4800000|  0%| F|  |TAMS 0x00000004e4700000, 0x00000004e4700000| Untracked 
| 212|0x00000004e4800000, 0x00000004e4800000, 0x00000004e4900000|  0%| F|  |TAMS 0x00000004e4800000, 0x00000004e4800000| Untracked 
| 213|0x00000004e4900000, 0x00000004e4900000, 0x00000004e4a00000|  0%| F|  |TAMS 0x00000004e4900000, 0x00000004e4900000| Untracked 
| 214|0x00000004e4a00000, 0x00000004e4a00000, 0x00000004e4b00000|  0%| F|  |TAMS 0x00000004e4a00000, 0x00000004e4a00000| Untracked 
| 215|0x00000004e4b00000, 0x00000004e4b00000, 0x00000004e4c00000|  0%| F|  |TAMS 0x00000004e4b00000, 0x00000004e4b00000| Untracked 
| 216|0x00000004e4c00000, 0x00000004e4c00000, 0x00000004e4d00000|  0%| F|  |TAMS 0x00000004e4c00000, 0x00000004e4c00000| Untracked 
| 217|0x00000004e4d00000, 0x00000004e4d00000, 0x00000004e4e00000|  0%| F|  |TAMS 0x00000004e4d00000, 0x00000004e4d00000| Untracked 
| 218|0x00000004e4e00000, 0x00000004e4e00000, 0x00000004e4f00000|  0%| F|  |TAMS 0x00000004e4e00000, 0x00000004e4e00000| Untracked 
| 219|0x00000004e4f00000, 0x00000004e4f7af10, 0x00000004e5000000| 48%| S|CS|TAMS 0x00000004e4f00000, 0x00000004e4f00000| Complete 
| 220|0x00000004e5000000, 0x00000004e5100000, 0x00000004e5100000|100%| S|CS|TAMS 0x00000004e5000000, 0x00000004e5000000| Complete 
| 221|0x00000004e5100000, 0x00000004e5200000, 0x00000004e5200000|100%| S|CS|TAMS 0x00000004e5100000, 0x00000004e5100000| Complete 
| 222|0x00000004e5200000, 0x00000004e5300000, 0x00000004e5300000|100%| S|CS|TAMS 0x00000004e5200000, 0x00000004e5200000| Complete 
| 223|0x00000004e5300000, 0x00000004e5400000, 0x00000004e5400000|100%| S|CS|TAMS 0x00000004e5300000, 0x00000004e5300000| Complete 
| 224|0x00000004e5400000, 0x00000004e5500000, 0x00000004e5500000|100%| S|CS|TAMS 0x00000004e5400000, 0x00000004e5400000| Complete 
| 225|0x00000004e5500000, 0x00000004e5600000, 0x00000004e5600000|100%| S|CS|TAMS 0x00000004e5500000, 0x00000004e5500000| Complete 
| 226|0x00000004e5600000, 0x00000004e5600000, 0x00000004e5700000|  0%| F|  |TAMS 0x00000004e5600000, 0x00000004e5600000| Untracked 
| 227|0x00000004e5700000, 0x00000004e5700000, 0x00000004e5800000|  0%| F|  |TAMS 0x00000004e5700000, 0x00000004e5700000| Untracked 
| 228|0x00000004e5800000, 0x00000004e5800000, 0x00000004e5900000|  0%| F|  |TAMS 0x00000004e5800000, 0x00000004e5800000| Untracked 
| 229|0x00000004e5900000, 0x00000004e5900000, 0x00000004e5a00000|  0%| F|  |TAMS 0x00000004e5900000, 0x00000004e5900000| Untracked 
| 230|0x00000004e5a00000, 0x00000004e5b00000, 0x00000004e5b00000|100%| E|  |TAMS 0x00000004e5a00000, 0x00000004e5a00000| Complete 
| 231|0x00000004e5b00000, 0x00000004e5c00000, 0x00000004e5c00000|100%| E|CS|TAMS 0x00000004e5b00000, 0x00000004e5b00000| Complete 
| 232|0x00000004e5c00000, 0x00000004e5d00000, 0x00000004e5d00000|100%| E|CS|TAMS 0x00000004e5c00000, 0x00000004e5c00000| Complete 
| 233|0x00000004e5d00000, 0x00000004e5e00000, 0x00000004e5e00000|100%| E|CS|TAMS 0x00000004e5d00000, 0x00000004e5d00000| Complete 
| 234|0x00000004e5e00000, 0x00000004e5f00000, 0x00000004e5f00000|100%| E|CS|TAMS 0x00000004e5e00000, 0x00000004e5e00000| Complete 
| 235|0x00000004e5f00000, 0x00000004e6000000, 0x00000004e6000000|100%| E|CS|TAMS 0x00000004e5f00000, 0x00000004e5f00000| Complete 
| 236|0x00000004e6000000, 0x00000004e6100000, 0x00000004e6100000|100%| E|CS|TAMS 0x00000004e6000000, 0x00000004e6000000| Complete 
| 237|0x00000004e6100000, 0x00000004e6200000, 0x00000004e6200000|100%| E|CS|TAMS 0x00000004e6100000, 0x00000004e6100000| Complete 
| 238|0x00000004e6200000, 0x00000004e6300000, 0x00000004e6300000|100%| E|CS|TAMS 0x00000004e6200000, 0x00000004e6200000| Complete 
| 239|0x00000004e6300000, 0x00000004e6400000, 0x00000004e6400000|100%| E|CS|TAMS 0x00000004e6300000, 0x00000004e6300000| Complete 
| 240|0x00000004e6400000, 0x00000004e6500000, 0x00000004e6500000|100%| E|CS|TAMS 0x00000004e6400000, 0x00000004e6400000| Complete 
| 241|0x00000004e6500000, 0x00000004e6600000, 0x00000004e6600000|100%| E|CS|TAMS 0x00000004e6500000, 0x00000004e6500000| Complete 
| 242|0x00000004e6600000, 0x00000004e6700000, 0x00000004e6700000|100%| E|CS|TAMS 0x00000004e6600000, 0x00000004e6600000| Complete 
| 243|0x00000004e6700000, 0x00000004e6800000, 0x00000004e6800000|100%| E|CS|TAMS 0x00000004e6700000, 0x00000004e6700000| Complete 
| 244|0x00000004e6800000, 0x00000004e6900000, 0x00000004e6900000|100%| E|CS|TAMS 0x00000004e6800000, 0x00000004e6800000| Complete 
| 245|0x00000004e6900000, 0x00000004e6a00000, 0x00000004e6a00000|100%| E|CS|TAMS 0x00000004e6900000, 0x00000004e6900000| Complete 
| 246|0x00000004e6a00000, 0x00000004e6b00000, 0x00000004e6b00000|100%| E|CS|TAMS 0x00000004e6a00000, 0x00000004e6a00000| Complete 
| 247|0x00000004e6b00000, 0x00000004e6c00000, 0x00000004e6c00000|100%| E|CS|TAMS 0x00000004e6b00000, 0x00000004e6b00000| Complete 
| 248|0x00000004e6c00000, 0x00000004e6d00000, 0x00000004e6d00000|100%| E|CS|TAMS 0x00000004e6c00000, 0x00000004e6c00000| Complete 
| 249|0x00000004e6d00000, 0x00000004e6e00000, 0x00000004e6e00000|100%| E|CS|TAMS 0x00000004e6d00000, 0x00000004e6d00000| Complete 
| 250|0x00000004e6e00000, 0x00000004e6f00000, 0x00000004e6f00000|100%| E|CS|TAMS 0x00000004e6e00000, 0x00000004e6e00000| Complete 
| 251|0x00000004e6f00000, 0x00000004e7000000, 0x00000004e7000000|100%| E|CS|TAMS 0x00000004e6f00000, 0x00000004e6f00000| Complete 
| 252|0x00000004e7000000, 0x00000004e7100000, 0x00000004e7100000|100%| E|CS|TAMS 0x00000004e7000000, 0x00000004e7000000| Complete 
| 253|0x00000004e7100000, 0x00000004e7200000, 0x00000004e7200000|100%| E|CS|TAMS 0x00000004e7100000, 0x00000004e7100000| Complete 

Card table byte_map: [0x0000015bd33c0000,0x0000015bd3bb0000] _byte_map_base: 0x0000015bd0d06000

Marking Bits (Prev, Next): (CMBitMap*) 0x0000015bba091f70, (CMBitMap*) 0x0000015bba091f38
 Prev Bits: [0x0000015bd82f0000, 0x0000015bdc238000)
 Next Bits: [0x0000015bd43a0000, 0x0000015bd82e8000)

Polling page: 0x0000015bb9d30000

Metaspace:

Usage:
  Non-class:     22.93 MB capacity,    22.34 MB ( 97%) used,   486.86 KB (  2%) free+waste,   121.94 KB ( <1%) overhead. 
      Class:      3.82 MB capacity,     3.36 MB ( 88%) used,   401.12 KB ( 10%) free+waste,    64.56 KB (  2%) overhead. 
       Both:     26.75 MB capacity,    25.70 MB ( 96%) used,   887.98 KB (  3%) free+waste,   186.50 KB ( <1%) overhead. 

Virtual space:
  Non-class space:       24.00 MB reserved,      23.00 MB ( 96%) committed 
      Class space:        1.00 GB reserved,       3.88 MB ( <1%) committed 
             Both:        1.02 GB reserved,      26.88 MB (  3%) committed 

Chunk freelists:
   Non-Class:  768 bytes
       Class:  0 bytes
        Both:  768 bytes

CodeHeap 'non-profiled nmethods': size=120000Kb used=1192Kb max_used=1192Kb free=118807Kb
 bounds [0x0000015bcaa10000, 0x0000015bcac80000, 0x0000015bd1f40000]
CodeHeap 'profiled nmethods': size=120000Kb used=4602Kb max_used=4602Kb free=115397Kb
 bounds [0x0000015bc34e0000, 0x0000015bc3960000, 0x0000015bcaa10000]
CodeHeap 'non-nmethods': size=5760Kb used=1367Kb max_used=1419Kb free=4392Kb
 bounds [0x0000015bc2f40000, 0x0000015bc31b0000, 0x0000015bc34e0000]
 total_blobs=3506 nmethods=2686 adapters=731
 compilation: enabled
              stopped_count=0, restarted_count=0
 full_count=0

Compilation events (10 events):
Event: 4.472 Thread 0x0000015bdf8fa800 2684       1       com.sun.prism.impl.BaseGraphics::setCompositeMode (6 bytes)
Event: 4.472 Thread 0x0000015bdf8fa800 nmethod 2684 0x0000015bcab39710 code [0x0000015bcab398a0, 0x0000015bcab399b8]
Event: 4.472 Thread 0x0000015bdf8fa800 2677       3       com.sun.javafx.sg.prism.NGGroup::needsBlending (15 bytes)
Event: 4.472 Thread 0x0000015bdf8fa800 nmethod 2677 0x0000015bc395d990 code [0x0000015bc395db20, 0x0000015bc395dc98]
Event: 4.472 Thread 0x0000015bdf8fa800 2679       1       com.sun.prism.impl.BaseGraphics::isAntialiasedShape (5 bytes)
Event: 4.472 Thread 0x0000015bdf8fa800 nmethod 2679 0x0000015bcab39a10 code [0x0000015bcab39ba0, 0x0000015bcab39c58]
Event: 4.472 Thread 0x0000015bdf8fa800 2682       1       com.sun.prism.impl.BaseTexture::getContentX (5 bytes)
Event: 4.472 Thread 0x0000015bdf8fa800 nmethod 2682 0x0000015bcab39d10 code [0x0000015bcab39ea0, 0x0000015bcab39f58]
Event: 4.472 Thread 0x0000015bdf8fa800 2683       1       com.sun.prism.impl.BaseTexture::getContentY (5 bytes)
Event: 4.472 Thread 0x0000015bdf8fa800 nmethod 2683 0x0000015bcab3a010 code [0x0000015bcab3a1a0, 0x0000015bcab3a258]

GC Heap History (4 events):
Event: 0.444 GC heap before
{Heap before GC invocations=0 (full 0):
 garbage-first heap   total 260096K, used 23552K [0x00000004d7400000, 0x00000005d4600000)
  region size 1024K, 24 young (24576K), 0 survivors (0K)
 Metaspace       used 12928K, capacity 13293K, committed 13568K, reserved 1060864K
  class space    used 1376K, capacity 1516K, committed 1536K, reserved 1048576K
}
Event: 0.446 GC heap after
{Heap after GC invocations=1 (full 0):
 garbage-first heap   total 260096K, used 3088K [0x00000004d7400000, 0x00000005d4600000)
  region size 1024K, 3 young (3072K), 3 survivors (3072K)
 Metaspace       used 12928K, capacity 13293K, committed 13568K, reserved 1060864K
  class space    used 1376K, capacity 1516K, committed 1536K, reserved 1048576K
}
Event: 0.695 GC heap before
{Heap before GC invocations=1 (full 0):
 garbage-first heap   total 260096K, used 27664K [0x00000004d7400000, 0x00000005d4600000)
  region size 1024K, 28 young (28672K), 3 survivors (3072K)
 Metaspace       used 20615K, capacity 21157K, committed 21296K, reserved 1069056K
  class space    used 2487K, capacity 2724K, committed 2816K, reserved 1048576K
}
Event: 0.699 GC heap after
{Heap after GC invocations=2 (full 0):
 garbage-first heap   total 260096K, used 6652K [0x00000004d7400000, 0x00000005d4600000)
  region size 1024K, 7 young (7168K), 7 survivors (7168K)
 Metaspace       used 20615K, capacity 21157K, committed 21296K, reserved 1069056K
  class space    used 2487K, capacity 2724K, committed 2816K, reserved 1048576K
}

Deoptimization events (10 events):
Event: 0.672 Thread 0x0000015be06f4000 Uncommon trap: reason=unstable_if action=reinterpret pc=0x0000015bcaa2a9ac method=java.util.HashMap.hash(Ljava/lang/Object;)I @ 1 c2
Event: 0.717 Thread 0x0000015be06f4000 Uncommon trap: reason=class_check action=maybe_recompile pc=0x0000015bcaa19460 method=java.lang.String.equals(Ljava/lang/Object;)Z @ 8 c2
Event: 0.717 Thread 0x0000015be06f4000 Uncommon trap: reason=class_check action=maybe_recompile pc=0x0000015bcaa19460 method=java.lang.String.equals(Ljava/lang/Object;)Z @ 8 c2
Event: 0.717 Thread 0x0000015be06f4000 Uncommon trap: reason=class_check action=maybe_recompile pc=0x0000015bcaa19460 method=java.lang.String.equals(Ljava/lang/Object;)Z @ 8 c2
Event: 0.717 Thread 0x0000015be06f4000 Uncommon trap: reason=class_check action=maybe_recompile pc=0x0000015bcaa19460 method=java.lang.String.equals(Ljava/lang/Object;)Z @ 8 c2
Event: 0.848 Thread 0x0000015be06f4000 Uncommon trap: reason=unstable_if action=reinterpret pc=0x0000015bcaa50268 method=jdk.internal.org.objectweb.asm.Type.getArgumentsAndReturnSizes(Ljava/lang/String;)I @ 47 c2
Event: 0.850 Thread 0x0000015be06f4000 Uncommon trap: reason=unstable_if action=reinterpret pc=0x0000015bcaaa44ac method=java.lang.invoke.InvokerBytecodeGenerator.loadInsnOpcode(Ljava/lang/invoke/LambdaForm$BasicType;)I @ 8 c2
Event: 0.881 Thread 0x0000015be01a5000 Uncommon trap: reason=unstable_if action=reinterpret pc=0x0000015bcaa95d30 method=java.util.Arrays.equals([Ljava/lang/Object;[Ljava/lang/Object;)Z @ 23 c2
Event: 0.892 Thread 0x0000015be01a5000 Uncommon trap: reason=unstable_if action=reinterpret pc=0x0000015bcaae0680 method=java.lang.invoke.LambdaForm$BasicType.basicType(C)Ljava/lang/invoke/LambdaForm$BasicType; @ 1 c2
Event: 1.037 Thread 0x0000015bdf8e8000 Uncommon trap: reason=unstable_if action=reinterpret pc=0x0000015bcaa92bb0 method=java.util.concurrent.ConcurrentHashMap.putVal(Ljava/lang/Object;Ljava/lang/Object;Z)Ljava/lang/Object; @ 148 c2

Classes redefined (0 events):
No events

Internal exceptions (10 events):
Event: 0.791 Thread 0x0000015be06f4000 Exception <a 'java/lang/ClassNotFoundException'{0x00000004e677ebb0}: com/sun/javafx/scene/control/skin/resources/controls> (0x00000004e677ebb0) thrown at [./open/src/hotspot/share/prims/jni.cpp, line 632]
Event: 0.791 Thread 0x0000015be06f4000 Exception <a 'java/lang/ClassNotFoundException'{0x00000004e678def8}: com/sun/javafx/scene/control/skin/resources/controls_pl> (0x00000004e678def8) thrown at [./open/src/hotspot/share/prims/jni.cpp, line 632]
Event: 0.792 Thread 0x0000015be06f4000 Exception <a 'java/lang/ClassNotFoundException'{0x00000004e678f478}: com/sun/javafx/scene/control/skin/resources/controls_pl_PL> (0x00000004e678f478) thrown at [./open/src/hotspot/share/prims/jni.cpp, line 632]
Event: 0.832 Thread 0x0000015be06f4000 Exception <a 'java/lang/NoSuchMethodError'{0x00000004e636d968}: java.lang.invoke.DirectMethodHandle$Holder.invokeSpecialIFC(Ljava/lang/Object;Ljava/lang/Object;Ljava/lang/Object;Ljava/lang/Object;)V> (0x00000004e636d968) thrown at [./open/src/hotspot/shar
Event: 0.849 Thread 0x0000015be06f4000 Exception <a 'java/lang/NoSuchMethodError'{0x00000004e6253960}: java.lang.invoke.DirectMethodHandle$Holder.invokeStaticInit(Ljava/lang/Object;Ljava/lang/Object;Ljava/lang/Object;)J> (0x00000004e6253960) thrown at [./open/src/hotspot/share/interpreter/link
Event: 0.850 Thread 0x0000015be06f4000 Exception <a 'java/lang/NoSuchMethodError'{0x00000004e626c290}: java.lang.invoke.DirectMethodHandle$Holder.invokeStatic(Ljava/lang/Object;Ljava/lang/Object;J)Ljava/lang/Object;> (0x00000004e626c290) thrown at [./open/src/hotspot/share/interpreter/linkReso
Event: 0.850 Thread 0x0000015be06f4000 Exception <a 'java/lang/NoSuchMethodError'{0x00000004e6272408}: java.lang.invoke.Invokers$Holder.linkToTargetMethod(Ljava/lang/Object;JLjava/lang/Object;)Ljava/lang/Object;> (0x00000004e6272408) thrown at [./open/src/hotspot/share/interpreter/linkResolver
Event: 0.866 Thread 0x0000015be06f4000 Exception <a 'java/lang/NoSuchMethodError'{0x00000004e6022378}: java.lang.invoke.DirectMethodHandle$Holder.invokeSpecial(Ljava/lang/Object;Ljava/lang/Object;IIIIIII)Ljava/lang/Object;> (0x00000004e6022378) thrown at [./open/src/hotspot/share/interpreter/l
Event: 0.866 Thread 0x0000015be06f4000 Exception <a 'java/lang/NoSuchMethodError'{0x00000004e6025710}: java.lang.invoke.DelegatingMethodHandle$Holder.reinvoke_L(Ljava/lang/Object;IIIIIII)Ljava/lang/Object;> (0x00000004e6025710) thrown at [./open/src/hotspot/share/interpreter/linkResolver.cpp, 
Event: 0.867 Thread 0x0000015be06f4000 Exception <a 'java/lang/NoSuchMethodError'{0x00000004e604a698}: java.lang.invoke.DirectMethodHandle$Holder.invokeSpecial(Ljava/lang/Object;Ljava/lang/Object;IIII)Ljava/lang/Object;> (0x00000004e604a698) thrown at [./open/src/hotspot/share/interpreter/link

Events (10 events):
Event: 3.245 loading class javafx/event/Event
Event: 3.245 loading class javafx/event/Event done
Event: 3.245 loading class javafx/scene/Node
Event: 3.245 loading class javafx/scene/Node done
Event: 4.459 loading class com/sun/javafx/tk/quantum/QuantumToolkit
Event: 4.459 loading class com/sun/javafx/tk/quantum/QuantumToolkit done
Event: 4.459 loading class com/sun/javafx/tk/quantum/QuantumToolkit
Event: 4.459 loading class com/sun/javafx/tk/quantum/QuantumToolkit done
Event: 4.460 loading class com/sun/javafx/tk/RenderJob
Event: 4.460 loading class com/sun/javafx/tk/RenderJob done


Dynamic libraries:
0x00007ff673e50000 - 0x00007ff673e60000 	C:\Program Files\Java\jdk-11\bin\java.exe
0x00007ffe24a90000 - 0x00007ffe24c88000 	C:\Windows\SYSTEM32\ntdll.dll
0x00007ffe248e0000 - 0x00007ffe2499f000 	C:\Windows\System32\KERNEL32.DLL
0x00007ffe222c0000 - 0x00007ffe225b6000 	C:\Windows\System32\KERNELBASE.dll
0x00007ffe226e0000 - 0x00007ffe227e0000 	C:\Windows\System32\ucrtbase.dll
0x00007ffe1e060000 - 0x00007ffe1e079000 	C:\Program Files\Java\jdk-11\bin\jli.dll
0x00007ffe24180000 - 0x00007ffe2422f000 	C:\Windows\System32\ADVAPI32.dll
0x00007ffe24840000 - 0x00007ffe248de000 	C:\Windows\System32\msvcrt.dll
0x00007ffe1e040000 - 0x00007ffe1e05b000 	C:\Program Files\Java\jdk-11\bin\VCRUNTIME140.dll
0x00007ffe23b80000 - 0x00007ffe23c1c000 	C:\Windows\System32\sechost.dll
0x00007ffe243b0000 - 0x00007ffe244d6000 	C:\Windows\System32\RPCRT4.dll
0x00007ffe238b0000 - 0x00007ffe23a4d000 	C:\Windows\System32\USER32.dll
0x00007ffe22870000 - 0x00007ffe22892000 	C:\Windows\System32\win32u.dll
0x00007ffe140d0000 - 0x00007ffe1436a000 	C:\Windows\WinSxS\amd64_microsoft.windows.common-controls_6595b64144ccf1df_6.0.19041.1110_none_60b5254171f9507e\COMCTL32.dll
0x00007ffe23b20000 - 0x00007ffe23b4c000 	C:\Windows\System32\GDI32.dll
0x00007ffe225c0000 - 0x00007ffe226d5000 	C:\Windows\System32\gdi32full.dll
0x00007ffe228f0000 - 0x00007ffe2298d000 	C:\Windows\System32\msvcp_win.dll
0x00007ffe1cc90000 - 0x00007ffe1cc9a000 	C:\Windows\SYSTEM32\VERSION.dll
0x00007ffe23b50000 - 0x00007ffe23b80000 	C:\Windows\System32\IMM32.DLL
0x00007ffe1e030000 - 0x00007ffe1e03c000 	C:\Program Files\Java\jdk-11\bin\vcruntime140_1.dll
0x00007ffe188b0000 - 0x00007ffe1893e000 	C:\Program Files\Java\jdk-11\bin\msvcp140.dll
0x00007ffdfb360000 - 0x00007ffdfbecc000 	C:\Program Files\Java\jdk-11\bin\server\jvm.dll
0x00007ffe23840000 - 0x00007ffe23848000 	C:\Windows\System32\PSAPI.DLL
0x00007ffe0a930000 - 0x00007ffe0a939000 	C:\Windows\SYSTEM32\WSOCK32.dll
0x00007ffe17830000 - 0x00007ffe17857000 	C:\Windows\SYSTEM32\WINMM.dll
0x00007ffe23ab0000 - 0x00007ffe23b1b000 	C:\Windows\System32\WS2_32.dll
0x00007ffe1ff60000 - 0x00007ffe1ff72000 	C:\Windows\SYSTEM32\kernel.appcore.dll
0x00007ffe1e020000 - 0x00007ffe1e030000 	C:\Program Files\Java\jdk-11\bin\verify.dll
0x00007ffe16c40000 - 0x00007ffe16e24000 	C:\Windows\SYSTEM32\DBGHELP.DLL
0x00007ffe079d0000 - 0x00007ffe07a04000 	C:\Windows\SYSTEM32\dbgcore.DLL
0x00007ffe227e0000 - 0x00007ffe22862000 	C:\Windows\System32\bcryptPrimitives.dll
0x00007ffe1dff0000 - 0x00007ffe1e018000 	C:\Program Files\Java\jdk-11\bin\java.dll
0x00007ffe18a60000 - 0x00007ffe18a6a000 	C:\Program Files\Java\jdk-11\bin\jimage.dll
0x00007ffe187f0000 - 0x00007ffe187fe000 	C:\Program Files\Java\jdk-11\bin\instrument.dll
0x00007ffe18890000 - 0x00007ffe188a7000 	C:\Program Files\Java\jdk-11\bin\zip.dll
0x00007ffe22ba0000 - 0x00007ffe232e4000 	C:\Windows\System32\SHELL32.dll
0x00007ffe20240000 - 0x00007ffe209d3000 	C:\Windows\SYSTEM32\windows.storage.dll
0x00007ffe244e0000 - 0x00007ffe24834000 	C:\Windows\System32\combase.dll
0x00007ffe21bc0000 - 0x00007ffe21bee000 	C:\Windows\SYSTEM32\Wldp.dll
0x00007ffe22af0000 - 0x00007ffe22b9d000 	C:\Windows\System32\SHCORE.dll
0x00007ffe23760000 - 0x00007ffe237b5000 	C:\Windows\System32\shlwapi.dll
0x00007ffe220b0000 - 0x00007ffe220cf000 	C:\Windows\SYSTEM32\profapi.dll
0x00007ffe18720000 - 0x00007ffe18739000 	C:\Program Files\Java\jdk-11\bin\net.dll
0x00007ffe1c850000 - 0x00007ffe1c95a000 	C:\Windows\SYSTEM32\WINHTTP.dll
0x00007ffe21920000 - 0x00007ffe2198a000 	C:\Windows\system32\mswsock.dll
0x00007ffe18700000 - 0x00007ffe18712000 	C:\Program Files\Java\jdk-11\bin\nio.dll
0x00007ffdfef70000 - 0x00007ffdfef8a000 	C:\Program Files\JetBrains\IntelliJ IDEA Community Edition 2023.1\bin\breakgen64.dll
0x0000015bba130000 - 0x0000015bba133000 	C:\Program Files\javafx-sdk-11.0.2\bin\api-ms-win-core-console-l1-1-0.dll
0x0000015bba140000 - 0x0000015bba143000 	C:\Program Files\javafx-sdk-11.0.2\bin\api-ms-win-core-datetime-l1-1-0.dll
0x0000015bba150000 - 0x0000015bba153000 	C:\Program Files\javafx-sdk-11.0.2\bin\api-ms-win-core-debug-l1-1-0.dll
0x0000015bba160000 - 0x0000015bba163000 	C:\Program Files\javafx-sdk-11.0.2\bin\api-ms-win-core-errorhandling-l1-1-0.dll
0x0000015bba170000 - 0x0000015bba174000 	C:\Program Files\javafx-sdk-11.0.2\bin\api-ms-win-core-file-l1-1-0.dll
0x0000015bba180000 - 0x0000015bba183000 	C:\Program Files\javafx-sdk-11.0.2\bin\api-ms-win-core-file-l1-2-0.dll
0x0000015be14e0000 - 0x0000015be14e3000 	C:\Program Files\javafx-sdk-11.0.2\bin\api-ms-win-core-file-l2-1-0.dll
0x0000015be14f0000 - 0x0000015be14f3000 	C:\Program Files\javafx-sdk-11.0.2\bin\api-ms-win-core-handle-l1-1-0.dll
0x0000015be1500000 - 0x0000015be1503000 	C:\Program Files\javafx-sdk-11.0.2\bin\api-ms-win-core-heap-l1-1-0.dll
0x0000015be1510000 - 0x0000015be1513000 	C:\Program Files\javafx-sdk-11.0.2\bin\api-ms-win-core-interlocked-l1-1-0.dll
0x0000015be1520000 - 0x0000015be1523000 	C:\Program Files\javafx-sdk-11.0.2\bin\api-ms-win-core-libraryloader-l1-1-0.dll
0x0000015be1530000 - 0x0000015be1533000 	C:\Program Files\javafx-sdk-11.0.2\bin\api-ms-win-core-localization-l1-2-0.dll
0x0000015be1540000 - 0x0000015be1543000 	C:\Program Files\javafx-sdk-11.0.2\bin\api-ms-win-core-memory-l1-1-0.dll
0x0000015be1550000 - 0x0000015be1553000 	C:\Program Files\javafx-sdk-11.0.2\bin\api-ms-win-core-namedpipe-l1-1-0.dll
0x0000015be1560000 - 0x0000015be1563000 	C:\Program Files\javafx-sdk-11.0.2\bin\api-ms-win-core-processenvironment-l1-1-0.dll
0x0000015be1570000 - 0x0000015be1573000 	C:\Program Files\javafx-sdk-11.0.2\bin\api-ms-win-core-processthreads-l1-1-0.dll
0x0000015be1580000 - 0x0000015be1583000 	C:\Program Files\javafx-sdk-11.0.2\bin\api-ms-win-core-processthreads-l1-1-1.dll
0x0000015be1590000 - 0x0000015be1593000 	C:\Program Files\javafx-sdk-11.0.2\bin\api-ms-win-core-profile-l1-1-0.dll
0x0000015be15a0000 - 0x0000015be15a3000 	C:\Program Files\javafx-sdk-11.0.2\bin\api-ms-win-core-rtlsupport-l1-1-0.dll
0x0000015be15b0000 - 0x0000015be15b3000 	C:\Program Files\javafx-sdk-11.0.2\bin\api-ms-win-core-string-l1-1-0.dll
0x0000015be15c0000 - 0x0000015be15c3000 	C:\Program Files\javafx-sdk-11.0.2\bin\api-ms-win-core-synch-l1-1-0.dll
0x0000015be15d0000 - 0x0000015be15d3000 	C:\Program Files\javafx-sdk-11.0.2\bin\api-ms-win-core-synch-l1-2-0.dll
0x0000015be15e0000 - 0x0000015be15e3000 	C:\Program Files\javafx-sdk-11.0.2\bin\api-ms-win-core-sysinfo-l1-1-0.dll
0x0000015be15f0000 - 0x0000015be15f3000 	C:\Program Files\javafx-sdk-11.0.2\bin\api-ms-win-core-timezone-l1-1-0.dll
0x0000015be1600000 - 0x0000015be1603000 	C:\Program Files\javafx-sdk-11.0.2\bin\api-ms-win-core-util-l1-1-0.dll
0x0000015be1610000 - 0x0000015be1613000 	C:\Program Files\javafx-sdk-11.0.2\bin\api-ms-win-crt-conio-l1-1-0.dll
0x0000015be1620000 - 0x0000015be1624000 	C:\Program Files\javafx-sdk-11.0.2\bin\api-ms-win-crt-convert-l1-1-0.dll
0x0000015be1630000 - 0x0000015be1633000 	C:\Program Files\javafx-sdk-11.0.2\bin\api-ms-win-crt-environment-l1-1-0.dll
0x0000015be1640000 - 0x0000015be1643000 	C:\Program Files\javafx-sdk-11.0.2\bin\api-ms-win-crt-filesystem-l1-1-0.dll
0x0000015be1650000 - 0x0000015be1653000 	C:\Program Files\javafx-sdk-11.0.2\bin\api-ms-win-crt-heap-l1-1-0.dll
0x0000015be1660000 - 0x0000015be1663000 	C:\Program Files\javafx-sdk-11.0.2\bin\api-ms-win-crt-locale-l1-1-0.dll
0x0000015be1670000 - 0x0000015be1675000 	C:\Program Files\javafx-sdk-11.0.2\bin\api-ms-win-crt-math-l1-1-0.dll
0x0000015be1680000 - 0x0000015be1685000 	C:\Program Files\javafx-sdk-11.0.2\bin\api-ms-win-crt-multibyte-l1-1-0.dll
0x0000015be1690000 - 0x0000015be16a0000 	C:\Program Files\javafx-sdk-11.0.2\bin\api-ms-win-crt-private-l1-1-0.dll
0x0000015be16a0000 - 0x0000015be16a3000 	C:\Program Files\javafx-sdk-11.0.2\bin\api-ms-win-crt-process-l1-1-0.dll
0x0000015be16b0000 - 0x0000015be16b4000 	C:\Program Files\javafx-sdk-11.0.2\bin\api-ms-win-crt-runtime-l1-1-0.dll
0x0000015be16c0000 - 0x0000015be16c4000 	C:\Program Files\javafx-sdk-11.0.2\bin\api-ms-win-crt-stdio-l1-1-0.dll
0x0000015be16d0000 - 0x0000015be16d4000 	C:\Program Files\javafx-sdk-11.0.2\bin\api-ms-win-crt-string-l1-1-0.dll
0x0000015be16e0000 - 0x0000015be16e3000 	C:\Program Files\javafx-sdk-11.0.2\bin\api-ms-win-crt-time-l1-1-0.dll
0x0000015be16f0000 - 0x0000015be16f3000 	C:\Program Files\javafx-sdk-11.0.2\bin\api-ms-win-crt-utility-l1-1-0.dll
0x00007ffdecde0000 - 0x00007ffdeceda000 	C:\Program Files\javafx-sdk-11.0.2\bin\ucrtbase.dll
0x00007ffdfef10000 - 0x00007ffdfef26000 	C:\Program Files\javafx-sdk-11.0.2\bin\vcruntime140.dll
0x00007ffdc7410000 - 0x00007ffdc74b6000 	C:\Program Files\javafx-sdk-11.0.2\bin\msvcp140.dll
0x00007ffdfb060000 - 0x00007ffdfb0b1000 	C:\Program Files\javafx-sdk-11.0.2\bin\concrt140.dll
0x00007ffdf2200000 - 0x00007ffdf2223000 	C:\Program Files\javafx-sdk-11.0.2\bin\prism_d3d.dll
0x00007ffdc7e40000 - 0x00007ffdc800d000 	C:\Windows\system32\d3d9.dll
0x00007ffe1ff30000 - 0x00007ffe1ff5f000 	C:\Windows\SYSTEM32\dwmapi.dll
0x00007ffe1fb70000 - 0x00007ffe1fc0e000 	C:\Windows\system32\uxtheme.dll
0x00007ffe13510000 - 0x00007ffe135cd000 	C:\Windows\System32\DriverStore\FileRepository\nv_dispig.inf_amd64_50916785244854f2\nvldumdx.dll
0x00007ffe21d50000 - 0x00007ffe21d62000 	C:\Windows\SYSTEM32\msasn1.dll
0x00007ffe1cc30000 - 0x00007ffe1cc61000 	C:\Windows\SYSTEM32\cryptnet.dll
0x00007ffe22990000 - 0x00007ffe22aee000 	C:\Windows\System32\CRYPT32.dll
0x00007ffe1cae0000 - 0x00007ffe1cc28000 	C:\Windows\SYSTEM32\drvstore.dll
0x00007ffe21f20000 - 0x00007ffe21f4c000 	C:\Windows\SYSTEM32\devobj.dll
0x00007ffe228a0000 - 0x00007ffe228ee000 	C:\Windows\System32\cfgmgr32.dll
0x00007ffe21b30000 - 0x00007ffe21b3c000 	C:\Windows\SYSTEM32\cryptbase.dll
0x00007ffe22250000 - 0x00007ffe222b7000 	C:\Windows\System32\WINTRUST.DLL
0x00007ffe249a0000 - 0x00007ffe249bd000 	C:\Windows\System32\imagehlp.dll
0x00007ffe21b10000 - 0x00007ffe21b28000 	C:\Windows\SYSTEM32\CRYPTSP.dll
0x00007ffe211d0000 - 0x00007ffe21204000 	C:\Windows\system32\rsaenh.dll
0x00007ffe22220000 - 0x00007ffe22247000 	C:\Windows\System32\bcrypt.dll
0x00007ffdb3790000 - 0x00007ffdb6686000 	C:\Windows\System32\DriverStore\FileRepository\nv_dispig.inf_amd64_50916785244854f2\nvd3dumx.dll
0x00007ffdf21b0000 - 0x00007ffdf21f5000 	C:\Program Files\javafx-sdk-11.0.2\bin\glass.dll
0x00007ffe240a0000 - 0x00007ffe2417a000 	C:\Windows\System32\COMDLG32.dll
0x00007ffe23d00000 - 0x00007ffe23e2a000 	C:\Windows\System32\ole32.dll
0x00007ffe23c30000 - 0x00007ffe23cfd000 	C:\Windows\System32\OLEAUT32.dll
0x0000000180000000 - 0x0000000188073000 	C:\Program Files (x86)\ASUS\GPUTweakIII\GTIII-OSD\x64\GTIII-OSD64-VK.dll
0x00007ffdc8040000 - 0x00007ffdc81ae000 	C:\Windows\SYSTEM32\vulkan-1.dll
0x00007ffe20a20000 - 0x00007ffe20b13000 	C:\Windows\system32\dxgi.dll
0x00007ffe24290000 - 0x00007ffe243a4000 	C:\Windows\System32\MSCTF.dll
0x00007ffdc7b60000 - 0x00007ffdc7e31000 	C:\Windows\system32\nvspcap64.dll
0x00007ffe212f0000 - 0x00007ffe21323000 	C:\Windows\SYSTEM32\ntmarta.dll
0x00007ffe209f0000 - 0x00007ffe20a13000 	C:\Windows\SYSTEM32\gpapi.dll
0x00007ffe135d0000 - 0x00007ffe1360b000 	C:\Windows\SYSTEM32\dxcore.dll
0x00007ffdfc630000 - 0x00007ffdfc644000 	C:\Program Files\javafx-sdk-11.0.2\bin\javafx_font.dll
0x00007ffd9f500000 - 0x00007ffda32b0000 	C:\Program Files\javafx-sdk-11.0.2\bin\jfxwebkit.dll
0x00007ffe12aa0000 - 0x00007ffe12d1f000 	C:\Windows\SYSTEM32\dwrite.dll
0x00007ffe23e40000 - 0x00007ffe23ee9000 	C:\Windows\System32\clbcatq.dll
0x00007ffe16620000 - 0x00007ffe167d4000 	C:\Windows\SYSTEM32\WindowsCodecs.dll
0x00007ffdff000000 - 0x00007ffdff03e000 	C:\Windows\system32\dataexchange.dll
0x00007ffe1ef40000 - 0x00007ffe1f123000 	C:\Windows\system32\dcomp.dll

dbghelp: loaded successfully - version: 4.0.5 - missing functions: none
symbol engine: initialized successfully - sym options: 0x614 - pdb path: .;C:\Program Files\Java\jdk-11\bin;C:\Windows\SYSTEM32;C:\Windows\WinSxS\amd64_microsoft.windows.common-controls_6595b64144ccf1df_6.0.19041.1110_none_60b5254171f9507e;C:\Program Files\Java\jdk-11\bin\server;C:\Program Files\JetBrains\IntelliJ IDEA Community Edition 2023.1\bin;C:\Program Files\javafx-sdk-11.0.2\bin;C:\Windows\System32\DriverStore\FileRepository\nv_dispig.inf_amd64_50916785244854f2;C:\Program Files (x86)\ASUS\GPUTweakIII\GTIII-OSD\x64;C:\Program Files\Common Files\Microsoft Shared\Ink

VM Arguments:
jvm_args: -javaagent:C:\Program Files\JetBrains\IntelliJ IDEA Community Edition 2023.1\lib\idea_rt.jar=50207:C:\Program Files\JetBrains\IntelliJ IDEA Community Edition 2023.1\bin -Dfile.encoding=UTF-8 --module-path=C:\Program Files\javafx-sdk-11.0.2\lib\javafx.web.jar;C:\Users\Ignition\Repos\Advanced Java programming with JavaFx\JavaFxEmailClient\out\production\JavaFxEmailClient;C:\Program Files\javafx-sdk-11.0.2\lib\javafx.fxml.jar;C:\Program Files\javafx-sdk-11.0.2\lib\javafx.base.jar;C:\Program Files\javafx-sdk-11.0.2\lib\javafx.graphics.jar;C:\Program Files\javafx-sdk-11.0.2\lib\javafx.media.jar;C:\Program Files\javafx-sdk-11.0.2\lib\javafx.controls.jar -Djdk.module.main=JavaFxEmailClient 
java_command: JavaFxEmailClient/com.barosanu.Launcher
java_class_path (initial): C:\Program Files\javafx-sdk-11.0.2\lib\javafx-swt.jar;C:\Program Files\javafx-sdk-11.0.2\lib\javafx.swing.jar
Launcher Type: SUN_STANDARD

[Global flags]
     intx CICompilerCount                          = 4                                         {product} {ergonomic}
     uint ConcGCThreads                            = 3                                         {product} {ergonomic}
     uint G1ConcRefinementThreads                  = 10                                        {product} {ergonomic}
   size_t G1HeapRegionSize                         = 1048576                                   {product} {ergonomic}
    uintx GCDrainStackTargetSize                   = 64                                        {product} {ergonomic}
   size_t InitialHeapSize                          = 266338304                                 {product} {ergonomic}
   size_t MarkStackSize                            = 4194304                                   {product} {ergonomic}
   size_t MaxHeapSize                              = 4246732800                                {product} {ergonomic}
   size_t MaxNewSize                               = 2548039680                                {product} {ergonomic}
   size_t MinHeapDeltaBytes                        = 1048576                                   {product} {ergonomic}
    uintx NonNMethodCodeHeapSize                   = 5836300                                {pd product} {ergonomic}
    uintx NonProfiledCodeHeapSize                  = 122910970                              {pd product} {ergonomic}
    uintx ProfiledCodeHeapSize                     = 122910970                              {pd product} {ergonomic}
    uintx ReservedCodeCacheSize                    = 251658240                              {pd product} {ergonomic}
     bool SegmentedCodeCache                       = true                                      {product} {ergonomic}
     bool UseCompressedClassPointers               = true                                 {lp64_product} {ergonomic}
     bool UseCompressedOops                        = true                                 {lp64_product} {ergonomic}
     bool UseG1GC                                  = true                                      {product} {ergonomic}
     bool UseLargePagesIndividualAllocation        = false                                  {pd product} {ergonomic}

Logging:
Log output configuration:
 #0: stdout all=warning uptime,level,tags
 #1: stderr all=off uptime,level,tags

Environment Variables:
PATH=C:\Program Files\Common Files\Oracle\Java\javapath;C:\Windows\system32;C:\Windows;C:\Windows\System32\Wbem;C:\Windows\System32\WindowsPowerShell\v1.0\;C:\Windows\System32\OpenSSH\;C:\Program Files (x86)\NVIDIA Corporation\PhysX\Common;C:\Program Files\NVIDIA Corporation\NVIDIA NvDLISR;C:\Program Files\dotnet\;C:\Program Files\Git\cmd;C:\Program Files\apache-maven-3.9.2\bin;C:\Users\Ignition\AppData\Local\Microsoft\WindowsApps;;C:\Users\Ignition\AppData\Local\Programs\Microsoft VS Code\bin;C:\Program Files\JetBrains\IntelliJ IDEA Community Edition 2023.1\bin;
USERNAME=Ignition
OS=Windows_NT
PROCESSOR_IDENTIFIER=Intel64 Family 6 Model 151 Stepping 2, GenuineIntel



---------------  S Y S T E M  ---------------

OS: Windows 10 , 64 bit Build 19041 (10.0.19041.3031)

CPU:total 12 (initial active 12) (6 cores per cpu, 2 threads per core) family 6 model 151 stepping 2 microcode 0x25, cmov, cx8, fxsr, mmx, sse, sse2, sse3, ssse3, sse4.1, sse4.2, popcnt, avx, avx2, aes, clmul, erms, 3dnowpref, lzcnt, ht, tsc, tscinvbit, bmi1, bmi2, adx, sha, fma

Memory: 4k page, system-wide physical 16197M (9114M free)
TotalPageFile size 28997M (AvailPageFile size 14251M)
current process WorkingSet (physical memory assigned to process): 229M, peak: 245M
current process commit charge ("private bytes"): 888M, peak: 888M

vm_info: Java HotSpot(TM) 64-Bit Server VM (11.0.19+9-LTS-224) for windows-amd64 JRE (11.0.19+9-LTS-224), built on Mar 27 2023 08:48:55 by "mach5one" with MS VC++ 17.1 (VS2022)

END.
