#
# A fatal error has been detected by the Java Runtime Environment:
#
#  EXCEPTION_ACCESS_VIOLATION (0xc0000005) at pc=0x00007ffdc7f58026, pid=7728, tid=6660
#
# JRE version: Java(TM) SE Runtime Environment 18.9 (11.0.19+9) (build 11.0.19+9-LTS-224)
# Java VM: Java HotSpot(TM) 64-Bit Server VM 18.9 (11.0.19+9-LTS-224, mixed mode, tiered, compressed oops, g1 gc, windows-amd64)
# Problematic frame:
# C  [d3d9.dll+0x118026]
#
# No core dump will be written. Minidumps are not enabled by default on client versions of Windows
#
# If you would like to submit a bug report, please visit:
#   https://bugreport.java.com/bugreport/crash.jsp
# The crash happened outside the Java Virtual Machine in native code.
# See problematic frame for where to report the bug.
#

---------------  S U M M A R Y ------------

Command Line: -javaagent:C:\Program Files\JetBrains\IntelliJ IDEA Community Edition 2023.1\lib\idea_rt.jar=50237:C:\Program Files\JetBrains\IntelliJ IDEA Community Edition 2023.1\bin -Dfile.encoding=UTF-8 --module-path=C:\Program Files\javafx-sdk-11.0.2\lib\javafx.web.jar;C:\Users\Ignition\Repos\Advanced Java programming with JavaFx\JavaFxEmailClient\out\production\JavaFxEmailClient;C:\Program Files\javafx-sdk-11.0.2\lib\javafx.fxml.jar;C:\Program Files\javafx-sdk-11.0.2\lib\javafx.base.jar;C:\Program Files\javafx-sdk-11.0.2\lib\javafx.graphics.jar;C:\Program Files\javafx-sdk-11.0.2\lib\javafx.media.jar;C:\Program Files\javafx-sdk-11.0.2\lib\javafx.controls.jar -Djdk.module.main=JavaFxEmailClient JavaFxEmailClient/com.barosanu.Launcher

Host: 12th Gen Intel(R) Core(TM) i5-12400F, 12 cores, 15G,  Windows 10 , 64 bit Build 19041 (10.0.19041.3031)
Time: Tue Jun 27 20:57:59 2023  Windows 10 , 64 bit Build 19041 (10.0.19041.3031) elapsed time: 3.212756 seconds (0d 0h 0m 3s)

---------------  T H R E A D  ---------------

Current thread (0x000001b3fe066000):  JavaThread "QuantumRenderer-0" daemon [_thread_in_native, id=6660, stack(0x00000063e6500000,0x00000063e6600000)]

Stack: [0x00000063e6500000,0x00000063e6600000],  sp=0x00000063e65fe300,  free space=1016k
Native frames: (J=compiled Java code, j=interpreted, Vv=VM code, C=native code)
C  [d3d9.dll+0x118026]

Java frames: (J=compiled Java code, j=interpreted, Vv=VM code)
j  com.sun.prism.d3d.D3DSwapChain.nPresent(JJ)I+0 javafx.graphics
j  com.sun.prism.d3d.D3DSwapChain.present()Z+16 javafx.graphics
j  com.sun.javafx.tk.quantum.PresentingPainter.run()V+446 javafx.graphics
j  java.util.concurrent.Executors$RunnableAdapter.call()Ljava/lang/Object;+4 java.base@11.0.19
j  java.util.concurrent.FutureTask.runAndReset()Z+44 java.base@11.0.19
j  com.sun.javafx.tk.RenderJob.run()V+1 javafx.graphics
j  java.util.concurrent.ThreadPoolExecutor.runWorker(Ljava/util/concurrent/ThreadPoolExecutor$Worker;)V+92 java.base@11.0.19
j  java.util.concurrent.ThreadPoolExecutor$Worker.run()V+5 java.base@11.0.19
j  com.sun.javafx.tk.quantum.QuantumRenderer$PipelineRunnable.run()V+8 javafx.graphics
j  java.lang.Thread.run()V+11 java.base@11.0.19
v  ~StubRoutines::call_stub

siginfo: EXCEPTION_ACCESS_VIOLATION (0xc0000005), reading address 0x00000002000101f4


Register to memory mapping:

RIP=0x00007ffdc7f58026 d3d9.dll
RAX=0x00000002000100e4 is an unknown value
RBX=0x000001b3fe42b100 points into unknown readable memory: 0x000001b3fe42f6f0 | f0 f6 42 fe b3 01 00 00
RCX=0x000001b3feb09eb8 points into unknown readable memory: 0x00000002000100e4 | e4 00 01 00 02 00 00 00
RDX=0x000001b3fe42b108 points into unknown readable memory: 0x0000000000000000 | 00 00 00 00 00 00 00 00
RSP=0x00000063e65fe300 is pointing into the stack for thread: 0x000001b3fe066000
RBP=0x0 is NULL
RSI=0x0 is NULL
RDI=0x000001b3feb09eb8 points into unknown readable memory: 0x00000002000100e4 | e4 00 01 00 02 00 00 00
R8 =0x0 is NULL
R9 =0x000000007ffe7000 points into unknown readable memory: 0x00000000546c6148 | 48 61 6c 54 00 00 00 00
R10=0x00000000546c6148 is an unknown value
R11=0xfffffffff7ef29b0 is an unknown value
R12=0x0 is NULL
R13=0x0 is NULL
R14=0x00000063e65fedf0 is pointing into the stack for thread: 0x000001b3fe066000
R15=0x0 is NULL


Registers:
RAX=0x00000002000100e4, RBX=0x000001b3fe42b100, RCX=0x000001b3feb09eb8, RDX=0x000001b3fe42b108
RSP=0x00000063e65fe300, RBP=0x0000000000000000, RSI=0x0000000000000000, RDI=0x000001b3feb09eb8
R8 =0x0000000000000000, R9 =0x000000007ffe7000, R10=0x00000000546c6148, R11=0xfffffffff7ef29b0
R12=0x0000000000000000, R13=0x0000000000000000, R14=0x00000063e65fedf0, R15=0x0000000000000000
RIP=0x00007ffdc7f58026, EFLAGS=0x0000000000010206

Top of Stack: (sp=0x00000063e65fe300)
0x00000063e65fe300:   0000000000000000 0000000000000000
0x00000063e65fe310:   000001b3fe38f5a0 0000d0d9c3b2bad3
0x00000063e65fe320:   000001b3fe42b108 0000000000000000
0x00000063e65fe330:   0000000000000000 0000000100000001
0x00000063e65fe340:   0000000000000000 000001b3c9e13ac4
0x00000063e65fe350:   000001b3d1e06098 00000063e65fedf0
0x00000063e65fe360:   0000000000000000 0000000000000000
0x00000063e65fe370:   000001b3fdfaacf8 000001b3c9e70265
0x00000063e65fe380:   0000000e04a29a9e 000061aaadeb81a6
0x00000063e65fe390:   00000063e65fedf0 0000000000000000
0x00000063e65fe3a0:   000001b3fdfaacf8 000001b3c9e23a28
0x00000063e65fe3b0:   000001b3fdfaacf8 000000003459b4ac
0x00000063e65fe3c0:   0000000000000004 000001b3fdfaacf8
0x00000063e65fe3d0:   0000000000000019 000001b3fe42b108
0x00000063e65fe3e0:   0000000000000000 000001b3c9e23589
0x00000063e65fe3f0:   000001b3fdfaacf8 000001b3fdfaacf8 

Instructions: (pc=0x00007ffdc7f58026)
0x00007ffdc7f58006:   24 20 e8 2f 7a ef ff b8 6c 08 76 88 e9 63 02 00
0x00007ffdc7f58016:   00 48 85 ff 0f 84 6d 01 00 00 48 8b 07 48 8b cf
0x00007ffdc7f58026:   48 8b 80 10 01 00 00 ff 15 f5 fd 03 00 48 3b c3
0x00007ffdc7f58036:   74 33 41 b9 e0 07 00 00 4c 8d 05 7b b9 07 00 48 


Stack slot to memory mapping:
stack at sp + 0 slots: 0x0 is NULL
stack at sp + 1 slots: 0x0 is NULL
stack at sp + 2 slots: 0x000001b3fe38f5a0 points into unknown readable memory: 0x0000000a0000000a | 0a 00 00 00 0a 00 00 00
stack at sp + 3 slots: 0x0000d0d9c3b2bad3 is an unknown value
stack at sp + 4 slots: 0x000001b3fe42b108 points into unknown readable memory: 0x0000000000000000 | 00 00 00 00 00 00 00 00
stack at sp + 5 slots: 0x0 is NULL
stack at sp + 6 slots: 0x0 is NULL
stack at sp + 7 slots: 0x0000000100000001 is an unknown value


---------------  P R O C E S S  ---------------

Threads class SMR info:
_java_thread_list=0x000001b3fefb46e0, length=19, elements={
0x000001b3d7bbc000, 0x000001b3fd397000, 0x000001b3fd398000, 0x000001b3fd416800,
0x000001b3fd418800, 0x000001b3fd41b000, 0x000001b3fd41c000, 0x000001b3fd41f000,
0x000001b3fd42a000, 0x000001b3fcaca000, 0x000001b3fdf33800, 0x000001b3fe066000,
0x000001b3fe28b000, 0x000001b3fdfcf000, 0x000001b3fe4ed800, 0x000001b3fe6f9000,
0x000001b3fe9c6800, 0x000001b3fe784800, 0x000001b3fecb2800
}

Java Threads: ( => current thread )
  0x000001b3d7bbc000 JavaThread "main" [_thread_blocked, id=2564, stack(0x00000063e5100000,0x00000063e5200000)]
  0x000001b3fd397000 JavaThread "Reference Handler" daemon [_thread_blocked, id=7344, stack(0x00000063e5800000,0x00000063e5900000)]
  0x000001b3fd398000 JavaThread "Finalizer" daemon [_thread_blocked, id=11388, stack(0x00000063e5900000,0x00000063e5a00000)]
  0x000001b3fd416800 JavaThread "Signal Dispatcher" daemon [_thread_blocked, id=14492, stack(0x00000063e5a00000,0x00000063e5b00000)]
  0x000001b3fd418800 JavaThread "Attach Listener" daemon [_thread_blocked, id=13360, stack(0x00000063e5b00000,0x00000063e5c00000)]
  0x000001b3fd41b000 JavaThread "Service Thread" daemon [_thread_blocked, id=8052, stack(0x00000063e5c00000,0x00000063e5d00000)]
  0x000001b3fd41c000 JavaThread "C2 CompilerThread0" daemon [_thread_blocked, id=1624, stack(0x00000063e5d00000,0x00000063e5e00000)]
  0x000001b3fd41f000 JavaThread "C1 CompilerThread0" daemon [_thread_blocked, id=9248, stack(0x00000063e5e00000,0x00000063e5f00000)]
  0x000001b3fd42a000 JavaThread "Sweeper thread" daemon [_thread_blocked, id=1960, stack(0x00000063e5f00000,0x00000063e6000000)]
  0x000001b3fcaca000 JavaThread "Common-Cleaner" daemon [_thread_blocked, id=14576, stack(0x00000063e6000000,0x00000063e6100000)]
  0x000001b3fdf33800 JavaThread "Monitor Ctrl-Break" daemon [_thread_in_native, id=12940, stack(0x00000063e6300000,0x00000063e6400000)]
=>0x000001b3fe066000 JavaThread "QuantumRenderer-0" daemon [_thread_in_native, id=6660, stack(0x00000063e6500000,0x00000063e6600000)]
  0x000001b3fe28b000 JavaThread "InvokeLaterDispatcher" daemon [_thread_blocked, id=4448, stack(0x00000063e6700000,0x00000063e6800000)]
  0x000001b3fdfcf000 JavaThread "JavaFX Application Thread" [_thread_blocked, id=11248, stack(0x00000063e6800000,0x00000063e6900000)]
  0x000001b3fe4ed800 JavaThread "JavaFX-Launcher" [_thread_blocked, id=8548, stack(0x00000063e6a00000,0x00000063e6b00000)]
  0x000001b3fe6f9000 JavaThread "Thread-2" daemon [_thread_in_native, id=8304, stack(0x00000063e6100000,0x00000063e6200000)]
  0x000001b3fe9c6800 JavaThread "Prism Font Disposer" daemon [_thread_blocked, id=11180, stack(0x00000063e7000000,0x00000063e7100000)]
  0x000001b3fe784800 JavaThread "Disposer" daemon [_thread_blocked, id=8928, stack(0x00000063e7100000,0x00000063e7200000)]
  0x000001b3fecb2800 JavaThread "Cleaner-0" daemon [_thread_blocked, id=17836, stack(0x00000063e7e40000,0x00000063e7f40000)]

Other Threads:
  0x000001b3fd395000 VMThread "VM Thread" [stack: 0x00000063e5700000,0x00000063e5800000] [id=7144]
  0x000001b3fd924000 WatcherThread [stack: 0x00000063e6400000,0x00000063e6500000] [id=4488]
  0x000001b3d7bd1800 GCTaskThread "GC Thread#0" [stack: 0x00000063e5200000,0x00000063e5300000] [id=524]
  0x000001b3fe735000 GCTaskThread "GC Thread#1" [stack: 0x00000063e6b00000,0x00000063e6c00000] [id=13648]
  0x000001b3fe725800 GCTaskThread "GC Thread#2" [stack: 0x00000063e6c00000,0x00000063e6d00000] [id=6908]
  0x000001b3fe726000 GCTaskThread "GC Thread#3" [stack: 0x00000063e6d00000,0x00000063e6e00000] [id=4284]
  0x000001b3fe6eb000 GCTaskThread "GC Thread#4" [stack: 0x00000063e6e00000,0x00000063e6f00000] [id=7136]
  0x000001b3fe6eb800 GCTaskThread "GC Thread#5" [stack: 0x00000063e6f00000,0x00000063e7000000] [id=2676]
  0x000001b3d7c2e000 ConcurrentGCThread "G1 Main Marker" [stack: 0x00000063e5300000,0x00000063e5400000] [id=11860]
  0x000001b3d7c32800 ConcurrentGCThread "G1 Conc#0" [stack: 0x00000063e5400000,0x00000063e5500000] [id=13848]
  0x000001b3fe9ef000 ConcurrentGCThread "G1 Conc#1" [stack: 0x00000063e7500000,0x00000063e7600000] [id=8392]
  0x000001b3fecc0000 ConcurrentGCThread "G1 Conc#2" [stack: 0x00000063e7600000,0x00000063e7700000] [id=7804]
  0x000001b3fc9f2000 ConcurrentGCThread "G1 Refine#0" [stack: 0x00000063e5500000,0x00000063e5600000] [id=2356]
  0x000001b3fc9f3000 ConcurrentGCThread "G1 Young RemSet Sampling" [stack: 0x00000063e5600000,0x00000063e5700000] [id=18080]

Threads with active compile tasks:

VM state:not at safepoint (normal execution)

VM Mutex/Monitor currently owned by a thread: None

Heap address: 0x0000000702e00000, size: 4050 MB, Compressed Oops mode: Zero based, Oop shift amount: 3
Narrow klass base: 0x0000000800000000, Narrow klass shift: 0
Compressed class space size: 1073741824 Address: 0x0000000800000000

Heap:
 garbage-first heap   total 260096K, used 33522K [0x0000000702e00000, 0x0000000800000000)
  region size 1024K, 32 young (32768K), 7 survivors (7168K)
 Metaspace       used 26363K, capacity 27521K, committed 27776K, reserved 1073152K
  class space    used 3442K, capacity 3908K, committed 3968K, reserved 1048576K
Heap Regions: E=young(eden), S=young(survivor), O=old, HS=humongous(starts), HC=humongous(continues), CS=collection set, F=free, A=archive, TAMS=top-at-mark-start (previous, next)
|   0|0x0000000702e00000, 0x0000000702e1d800, 0x0000000702f00000| 11%| O|  |TAMS 0x0000000702e1d800, 0x0000000702e00000| Untracked 
|   1|0x0000000702f00000, 0x0000000703000000, 0x0000000703000000|100%|HS|  |TAMS 0x0000000702f00000, 0x0000000702f00000| Complete 
|   2|0x0000000703000000, 0x0000000703100000, 0x0000000703100000|100%|HC|  |TAMS 0x0000000703000000, 0x0000000703000000| Complete 
|   3|0x0000000703100000, 0x0000000703100000, 0x0000000703200000|  0%| F|  |TAMS 0x0000000703100000, 0x0000000703100000| Untracked 
|   4|0x0000000703200000, 0x0000000703200000, 0x0000000703300000|  0%| F|  |TAMS 0x0000000703200000, 0x0000000703200000| Untracked 
|   5|0x0000000703300000, 0x0000000703300000, 0x0000000703400000|  0%| F|  |TAMS 0x0000000703300000, 0x0000000703300000| Untracked 
|   6|0x0000000703400000, 0x0000000703400000, 0x0000000703500000|  0%| F|  |TAMS 0x0000000703400000, 0x0000000703400000| Untracked 
|   7|0x0000000703500000, 0x0000000703500000, 0x0000000703600000|  0%| F|  |TAMS 0x0000000703500000, 0x0000000703500000| Untracked 
|   8|0x0000000703600000, 0x0000000703600000, 0x0000000703700000|  0%| F|  |TAMS 0x0000000703600000, 0x0000000703600000| Untracked 
|   9|0x0000000703700000, 0x0000000703700000, 0x0000000703800000|  0%| F|  |TAMS 0x0000000703700000, 0x0000000703700000| Untracked 
|  10|0x0000000703800000, 0x0000000703800000, 0x0000000703900000|  0%| F|  |TAMS 0x0000000703800000, 0x0000000703800000| Untracked 
|  11|0x0000000703900000, 0x0000000703900000, 0x0000000703a00000|  0%| F|  |TAMS 0x0000000703900000, 0x0000000703900000| Untracked 
|  12|0x0000000703a00000, 0x0000000703a00000, 0x0000000703b00000|  0%| F|  |TAMS 0x0000000703a00000, 0x0000000703a00000| Untracked 
|  13|0x0000000703b00000, 0x0000000703b00000, 0x0000000703c00000|  0%| F|  |TAMS 0x0000000703b00000, 0x0000000703b00000| Untracked 
|  14|0x0000000703c00000, 0x0000000703c00000, 0x0000000703d00000|  0%| F|  |TAMS 0x0000000703c00000, 0x0000000703c00000| Untracked 
|  15|0x0000000703d00000, 0x0000000703d00000, 0x0000000703e00000|  0%| F|  |TAMS 0x0000000703d00000, 0x0000000703d00000| Untracked 
|  16|0x0000000703e00000, 0x0000000703e00000, 0x0000000703f00000|  0%| F|  |TAMS 0x0000000703e00000, 0x0000000703e00000| Untracked 
|  17|0x0000000703f00000, 0x0000000703f00000, 0x0000000704000000|  0%| F|  |TAMS 0x0000000703f00000, 0x0000000703f00000| Untracked 
|  18|0x0000000704000000, 0x0000000704000000, 0x0000000704100000|  0%| F|  |TAMS 0x0000000704000000, 0x0000000704000000| Untracked 
|  19|0x0000000704100000, 0x0000000704100000, 0x0000000704200000|  0%| F|  |TAMS 0x0000000704100000, 0x0000000704100000| Untracked 
|  20|0x0000000704200000, 0x0000000704200000, 0x0000000704300000|  0%| F|  |TAMS 0x0000000704200000, 0x0000000704200000| Untracked 
|  21|0x0000000704300000, 0x0000000704300000, 0x0000000704400000|  0%| F|  |TAMS 0x0000000704300000, 0x0000000704300000| Untracked 
|  22|0x0000000704400000, 0x0000000704400000, 0x0000000704500000|  0%| F|  |TAMS 0x0000000704400000, 0x0000000704400000| Untracked 
|  23|0x0000000704500000, 0x0000000704500000, 0x0000000704600000|  0%| F|  |TAMS 0x0000000704500000, 0x0000000704500000| Untracked 
|  24|0x0000000704600000, 0x0000000704600000, 0x0000000704700000|  0%| F|  |TAMS 0x0000000704600000, 0x0000000704600000| Untracked 
|  25|0x0000000704700000, 0x0000000704700000, 0x0000000704800000|  0%| F|  |TAMS 0x0000000704700000, 0x0000000704700000| Untracked 
|  26|0x0000000704800000, 0x0000000704800000, 0x0000000704900000|  0%| F|  |TAMS 0x0000000704800000, 0x0000000704800000| Untracked 
|  27|0x0000000704900000, 0x0000000704900000, 0x0000000704a00000|  0%| F|  |TAMS 0x0000000704900000, 0x0000000704900000| Untracked 
|  28|0x0000000704a00000, 0x0000000704a00000, 0x0000000704b00000|  0%| F|  |TAMS 0x0000000704a00000, 0x0000000704a00000| Untracked 
|  29|0x0000000704b00000, 0x0000000704b00000, 0x0000000704c00000|  0%| F|  |TAMS 0x0000000704b00000, 0x0000000704b00000| Untracked 
|  30|0x0000000704c00000, 0x0000000704c00000, 0x0000000704d00000|  0%| F|  |TAMS 0x0000000704c00000, 0x0000000704c00000| Untracked 
|  31|0x0000000704d00000, 0x0000000704d00000, 0x0000000704e00000|  0%| F|  |TAMS 0x0000000704d00000, 0x0000000704d00000| Untracked 
|  32|0x0000000704e00000, 0x0000000704e00000, 0x0000000704f00000|  0%| F|  |TAMS 0x0000000704e00000, 0x0000000704e00000| Untracked 
|  33|0x0000000704f00000, 0x0000000704f00000, 0x0000000705000000|  0%| F|  |TAMS 0x0000000704f00000, 0x0000000704f00000| Untracked 
|  34|0x0000000705000000, 0x0000000705000000, 0x0000000705100000|  0%| F|  |TAMS 0x0000000705000000, 0x0000000705000000| Untracked 
|  35|0x0000000705100000, 0x0000000705100000, 0x0000000705200000|  0%| F|  |TAMS 0x0000000705100000, 0x0000000705100000| Untracked 
|  36|0x0000000705200000, 0x0000000705200000, 0x0000000705300000|  0%| F|  |TAMS 0x0000000705200000, 0x0000000705200000| Untracked 
|  37|0x0000000705300000, 0x0000000705300000, 0x0000000705400000|  0%| F|  |TAMS 0x0000000705300000, 0x0000000705300000| Untracked 
|  38|0x0000000705400000, 0x0000000705400000, 0x0000000705500000|  0%| F|  |TAMS 0x0000000705400000, 0x0000000705400000| Untracked 
|  39|0x0000000705500000, 0x0000000705500000, 0x0000000705600000|  0%| F|  |TAMS 0x0000000705500000, 0x0000000705500000| Untracked 
|  40|0x0000000705600000, 0x0000000705600000, 0x0000000705700000|  0%| F|  |TAMS 0x0000000705600000, 0x0000000705600000| Untracked 
|  41|0x0000000705700000, 0x0000000705700000, 0x0000000705800000|  0%| F|  |TAMS 0x0000000705700000, 0x0000000705700000| Untracked 
|  42|0x0000000705800000, 0x0000000705800000, 0x0000000705900000|  0%| F|  |TAMS 0x0000000705800000, 0x0000000705800000| Untracked 
|  43|0x0000000705900000, 0x0000000705900000, 0x0000000705a00000|  0%| F|  |TAMS 0x0000000705900000, 0x0000000705900000| Untracked 
|  44|0x0000000705a00000, 0x0000000705a00000, 0x0000000705b00000|  0%| F|  |TAMS 0x0000000705a00000, 0x0000000705a00000| Untracked 
|  45|0x0000000705b00000, 0x0000000705b00000, 0x0000000705c00000|  0%| F|  |TAMS 0x0000000705b00000, 0x0000000705b00000| Untracked 
|  46|0x0000000705c00000, 0x0000000705c00000, 0x0000000705d00000|  0%| F|  |TAMS 0x0000000705c00000, 0x0000000705c00000| Untracked 
|  47|0x0000000705d00000, 0x0000000705d00000, 0x0000000705e00000|  0%| F|  |TAMS 0x0000000705d00000, 0x0000000705d00000| Untracked 
|  48|0x0000000705e00000, 0x0000000705e00000, 0x0000000705f00000|  0%| F|  |TAMS 0x0000000705e00000, 0x0000000705e00000| Untracked 
|  49|0x0000000705f00000, 0x0000000705f00000, 0x0000000706000000|  0%| F|  |TAMS 0x0000000705f00000, 0x0000000705f00000| Untracked 
|  50|0x0000000706000000, 0x0000000706000000, 0x0000000706100000|  0%| F|  |TAMS 0x0000000706000000, 0x0000000706000000| Untracked 
|  51|0x0000000706100000, 0x0000000706100000, 0x0000000706200000|  0%| F|  |TAMS 0x0000000706100000, 0x0000000706100000| Untracked 
|  52|0x0000000706200000, 0x0000000706200000, 0x0000000706300000|  0%| F|  |TAMS 0x0000000706200000, 0x0000000706200000| Untracked 
|  53|0x0000000706300000, 0x0000000706300000, 0x0000000706400000|  0%| F|  |TAMS 0x0000000706300000, 0x0000000706300000| Untracked 
|  54|0x0000000706400000, 0x0000000706400000, 0x0000000706500000|  0%| F|  |TAMS 0x0000000706400000, 0x0000000706400000| Untracked 
|  55|0x0000000706500000, 0x0000000706500000, 0x0000000706600000|  0%| F|  |TAMS 0x0000000706500000, 0x0000000706500000| Untracked 
|  56|0x0000000706600000, 0x0000000706600000, 0x0000000706700000|  0%| F|  |TAMS 0x0000000706600000, 0x0000000706600000| Untracked 
|  57|0x0000000706700000, 0x0000000706700000, 0x0000000706800000|  0%| F|  |TAMS 0x0000000706700000, 0x0000000706700000| Untracked 
|  58|0x0000000706800000, 0x0000000706800000, 0x0000000706900000|  0%| F|  |TAMS 0x0000000706800000, 0x0000000706800000| Untracked 
|  59|0x0000000706900000, 0x0000000706900000, 0x0000000706a00000|  0%| F|  |TAMS 0x0000000706900000, 0x0000000706900000| Untracked 
|  60|0x0000000706a00000, 0x0000000706a00000, 0x0000000706b00000|  0%| F|  |TAMS 0x0000000706a00000, 0x0000000706a00000| Untracked 
|  61|0x0000000706b00000, 0x0000000706b00000, 0x0000000706c00000|  0%| F|  |TAMS 0x0000000706b00000, 0x0000000706b00000| Untracked 
|  62|0x0000000706c00000, 0x0000000706c00000, 0x0000000706d00000|  0%| F|  |TAMS 0x0000000706c00000, 0x0000000706c00000| Untracked 
|  63|0x0000000706d00000, 0x0000000706d00000, 0x0000000706e00000|  0%| F|  |TAMS 0x0000000706d00000, 0x0000000706d00000| Untracked 
|  64|0x0000000706e00000, 0x0000000706e00000, 0x0000000706f00000|  0%| F|  |TAMS 0x0000000706e00000, 0x0000000706e00000| Untracked 
|  65|0x0000000706f00000, 0x0000000706f00000, 0x0000000707000000|  0%| F|  |TAMS 0x0000000706f00000, 0x0000000706f00000| Untracked 
|  66|0x0000000707000000, 0x0000000707000000, 0x0000000707100000|  0%| F|  |TAMS 0x0000000707000000, 0x0000000707000000| Untracked 
|  67|0x0000000707100000, 0x0000000707100000, 0x0000000707200000|  0%| F|  |TAMS 0x0000000707100000, 0x0000000707100000| Untracked 
|  68|0x0000000707200000, 0x0000000707200000, 0x0000000707300000|  0%| F|  |TAMS 0x0000000707200000, 0x0000000707200000| Untracked 
|  69|0x0000000707300000, 0x0000000707300000, 0x0000000707400000|  0%| F|  |TAMS 0x0000000707300000, 0x0000000707300000| Untracked 
|  70|0x0000000707400000, 0x0000000707400000, 0x0000000707500000|  0%| F|  |TAMS 0x0000000707400000, 0x0000000707400000| Untracked 
|  71|0x0000000707500000, 0x0000000707500000, 0x0000000707600000|  0%| F|  |TAMS 0x0000000707500000, 0x0000000707500000| Untracked 
|  72|0x0000000707600000, 0x0000000707600000, 0x0000000707700000|  0%| F|  |TAMS 0x0000000707600000, 0x0000000707600000| Untracked 
|  73|0x0000000707700000, 0x0000000707700000, 0x0000000707800000|  0%| F|  |TAMS 0x0000000707700000, 0x0000000707700000| Untracked 
|  74|0x0000000707800000, 0x0000000707800000, 0x0000000707900000|  0%| F|  |TAMS 0x0000000707800000, 0x0000000707800000| Untracked 
|  75|0x0000000707900000, 0x0000000707900000, 0x0000000707a00000|  0%| F|  |TAMS 0x0000000707900000, 0x0000000707900000| Untracked 
|  76|0x0000000707a00000, 0x0000000707a00000, 0x0000000707b00000|  0%| F|  |TAMS 0x0000000707a00000, 0x0000000707a00000| Untracked 
|  77|0x0000000707b00000, 0x0000000707b00000, 0x0000000707c00000|  0%| F|  |TAMS 0x0000000707b00000, 0x0000000707b00000| Untracked 
|  78|0x0000000707c00000, 0x0000000707c00000, 0x0000000707d00000|  0%| F|  |TAMS 0x0000000707c00000, 0x0000000707c00000| Untracked 
|  79|0x0000000707d00000, 0x0000000707d00000, 0x0000000707e00000|  0%| F|  |TAMS 0x0000000707d00000, 0x0000000707d00000| Untracked 
|  80|0x0000000707e00000, 0x0000000707e00000, 0x0000000707f00000|  0%| F|  |TAMS 0x0000000707e00000, 0x0000000707e00000| Untracked 
|  81|0x0000000707f00000, 0x0000000707f00000, 0x0000000708000000|  0%| F|  |TAMS 0x0000000707f00000, 0x0000000707f00000| Untracked 
|  82|0x0000000708000000, 0x0000000708000000, 0x0000000708100000|  0%| F|  |TAMS 0x0000000708000000, 0x0000000708000000| Untracked 
|  83|0x0000000708100000, 0x0000000708100000, 0x0000000708200000|  0%| F|  |TAMS 0x0000000708100000, 0x0000000708100000| Untracked 
|  84|0x0000000708200000, 0x0000000708200000, 0x0000000708300000|  0%| F|  |TAMS 0x0000000708200000, 0x0000000708200000| Untracked 
|  85|0x0000000708300000, 0x0000000708300000, 0x0000000708400000|  0%| F|  |TAMS 0x0000000708300000, 0x0000000708300000| Untracked 
|  86|0x0000000708400000, 0x0000000708400000, 0x0000000708500000|  0%| F|  |TAMS 0x0000000708400000, 0x0000000708400000| Untracked 
|  87|0x0000000708500000, 0x0000000708500000, 0x0000000708600000|  0%| F|  |TAMS 0x0000000708500000, 0x0000000708500000| Untracked 
|  88|0x0000000708600000, 0x0000000708600000, 0x0000000708700000|  0%| F|  |TAMS 0x0000000708600000, 0x0000000708600000| Untracked 
|  89|0x0000000708700000, 0x0000000708700000, 0x0000000708800000|  0%| F|  |TAMS 0x0000000708700000, 0x0000000708700000| Untracked 
|  90|0x0000000708800000, 0x0000000708800000, 0x0000000708900000|  0%| F|  |TAMS 0x0000000708800000, 0x0000000708800000| Untracked 
|  91|0x0000000708900000, 0x0000000708900000, 0x0000000708a00000|  0%| F|  |TAMS 0x0000000708900000, 0x0000000708900000| Untracked 
|  92|0x0000000708a00000, 0x0000000708a00000, 0x0000000708b00000|  0%| F|  |TAMS 0x0000000708a00000, 0x0000000708a00000| Untracked 
|  93|0x0000000708b00000, 0x0000000708b00000, 0x0000000708c00000|  0%| F|  |TAMS 0x0000000708b00000, 0x0000000708b00000| Untracked 
|  94|0x0000000708c00000, 0x0000000708c00000, 0x0000000708d00000|  0%| F|  |TAMS 0x0000000708c00000, 0x0000000708c00000| Untracked 
|  95|0x0000000708d00000, 0x0000000708d00000, 0x0000000708e00000|  0%| F|  |TAMS 0x0000000708d00000, 0x0000000708d00000| Untracked 
|  96|0x0000000708e00000, 0x0000000708e00000, 0x0000000708f00000|  0%| F|  |TAMS 0x0000000708e00000, 0x0000000708e00000| Untracked 
|  97|0x0000000708f00000, 0x0000000708f00000, 0x0000000709000000|  0%| F|  |TAMS 0x0000000708f00000, 0x0000000708f00000| Untracked 
|  98|0x0000000709000000, 0x0000000709000000, 0x0000000709100000|  0%| F|  |TAMS 0x0000000709000000, 0x0000000709000000| Untracked 
|  99|0x0000000709100000, 0x0000000709100000, 0x0000000709200000|  0%| F|  |TAMS 0x0000000709100000, 0x0000000709100000| Untracked 
| 100|0x0000000709200000, 0x0000000709200000, 0x0000000709300000|  0%| F|  |TAMS 0x0000000709200000, 0x0000000709200000| Untracked 
| 101|0x0000000709300000, 0x0000000709300000, 0x0000000709400000|  0%| F|  |TAMS 0x0000000709300000, 0x0000000709300000| Untracked 
| 102|0x0000000709400000, 0x0000000709400000, 0x0000000709500000|  0%| F|  |TAMS 0x0000000709400000, 0x0000000709400000| Untracked 
| 103|0x0000000709500000, 0x0000000709500000, 0x0000000709600000|  0%| F|  |TAMS 0x0000000709500000, 0x0000000709500000| Untracked 
| 104|0x0000000709600000, 0x0000000709600000, 0x0000000709700000|  0%| F|  |TAMS 0x0000000709600000, 0x0000000709600000| Untracked 
| 105|0x0000000709700000, 0x0000000709700000, 0x0000000709800000|  0%| F|  |TAMS 0x0000000709700000, 0x0000000709700000| Untracked 
| 106|0x0000000709800000, 0x0000000709800000, 0x0000000709900000|  0%| F|  |TAMS 0x0000000709800000, 0x0000000709800000| Untracked 
| 107|0x0000000709900000, 0x0000000709900000, 0x0000000709a00000|  0%| F|  |TAMS 0x0000000709900000, 0x0000000709900000| Untracked 
| 108|0x0000000709a00000, 0x0000000709a00000, 0x0000000709b00000|  0%| F|  |TAMS 0x0000000709a00000, 0x0000000709a00000| Untracked 
| 109|0x0000000709b00000, 0x0000000709b00000, 0x0000000709c00000|  0%| F|  |TAMS 0x0000000709b00000, 0x0000000709b00000| Untracked 
| 110|0x0000000709c00000, 0x0000000709c00000, 0x0000000709d00000|  0%| F|  |TAMS 0x0000000709c00000, 0x0000000709c00000| Untracked 
| 111|0x0000000709d00000, 0x0000000709d00000, 0x0000000709e00000|  0%| F|  |TAMS 0x0000000709d00000, 0x0000000709d00000| Untracked 
| 112|0x0000000709e00000, 0x0000000709e00000, 0x0000000709f00000|  0%| F|  |TAMS 0x0000000709e00000, 0x0000000709e00000| Untracked 
| 113|0x0000000709f00000, 0x0000000709f00000, 0x000000070a000000|  0%| F|  |TAMS 0x0000000709f00000, 0x0000000709f00000| Untracked 
| 114|0x000000070a000000, 0x000000070a000000, 0x000000070a100000|  0%| F|  |TAMS 0x000000070a000000, 0x000000070a000000| Untracked 
| 115|0x000000070a100000, 0x000000070a100000, 0x000000070a200000|  0%| F|  |TAMS 0x000000070a100000, 0x000000070a100000| Untracked 
| 116|0x000000070a200000, 0x000000070a200000, 0x000000070a300000|  0%| F|  |TAMS 0x000000070a200000, 0x000000070a200000| Untracked 
| 117|0x000000070a300000, 0x000000070a300000, 0x000000070a400000|  0%| F|  |TAMS 0x000000070a300000, 0x000000070a300000| Untracked 
| 118|0x000000070a400000, 0x000000070a400000, 0x000000070a500000|  0%| F|  |TAMS 0x000000070a400000, 0x000000070a400000| Untracked 
| 119|0x000000070a500000, 0x000000070a500000, 0x000000070a600000|  0%| F|  |TAMS 0x000000070a500000, 0x000000070a500000| Untracked 
| 120|0x000000070a600000, 0x000000070a600000, 0x000000070a700000|  0%| F|  |TAMS 0x000000070a600000, 0x000000070a600000| Untracked 
| 121|0x000000070a700000, 0x000000070a700000, 0x000000070a800000|  0%| F|  |TAMS 0x000000070a700000, 0x000000070a700000| Untracked 
| 122|0x000000070a800000, 0x000000070a800000, 0x000000070a900000|  0%| F|  |TAMS 0x000000070a800000, 0x000000070a800000| Untracked 
| 123|0x000000070a900000, 0x000000070a900000, 0x000000070aa00000|  0%| F|  |TAMS 0x000000070a900000, 0x000000070a900000| Untracked 
| 124|0x000000070aa00000, 0x000000070aa00000, 0x000000070ab00000|  0%| F|  |TAMS 0x000000070aa00000, 0x000000070aa00000| Untracked 
| 125|0x000000070ab00000, 0x000000070ab00000, 0x000000070ac00000|  0%| F|  |TAMS 0x000000070ab00000, 0x000000070ab00000| Untracked 
| 126|0x000000070ac00000, 0x000000070ac00000, 0x000000070ad00000|  0%| F|  |TAMS 0x000000070ac00000, 0x000000070ac00000| Untracked 
| 127|0x000000070ad00000, 0x000000070ad00000, 0x000000070ae00000|  0%| F|  |TAMS 0x000000070ad00000, 0x000000070ad00000| Untracked 
| 128|0x000000070ae00000, 0x000000070ae00000, 0x000000070af00000|  0%| F|  |TAMS 0x000000070ae00000, 0x000000070ae00000| Untracked 
| 129|0x000000070af00000, 0x000000070af00000, 0x000000070b000000|  0%| F|  |TAMS 0x000000070af00000, 0x000000070af00000| Untracked 
| 130|0x000000070b000000, 0x000000070b000000, 0x000000070b100000|  0%| F|  |TAMS 0x000000070b000000, 0x000000070b000000| Untracked 
| 131|0x000000070b100000, 0x000000070b100000, 0x000000070b200000|  0%| F|  |TAMS 0x000000070b100000, 0x000000070b100000| Untracked 
| 132|0x000000070b200000, 0x000000070b200000, 0x000000070b300000|  0%| F|  |TAMS 0x000000070b200000, 0x000000070b200000| Untracked 
| 133|0x000000070b300000, 0x000000070b300000, 0x000000070b400000|  0%| F|  |TAMS 0x000000070b300000, 0x000000070b300000| Untracked 
| 134|0x000000070b400000, 0x000000070b400000, 0x000000070b500000|  0%| F|  |TAMS 0x000000070b400000, 0x000000070b400000| Untracked 
| 135|0x000000070b500000, 0x000000070b500000, 0x000000070b600000|  0%| F|  |TAMS 0x000000070b500000, 0x000000070b500000| Untracked 
| 136|0x000000070b600000, 0x000000070b600000, 0x000000070b700000|  0%| F|  |TAMS 0x000000070b600000, 0x000000070b600000| Untracked 
| 137|0x000000070b700000, 0x000000070b700000, 0x000000070b800000|  0%| F|  |TAMS 0x000000070b700000, 0x000000070b700000| Untracked 
| 138|0x000000070b800000, 0x000000070b800000, 0x000000070b900000|  0%| F|  |TAMS 0x000000070b800000, 0x000000070b800000| Untracked 
| 139|0x000000070b900000, 0x000000070b900000, 0x000000070ba00000|  0%| F|  |TAMS 0x000000070b900000, 0x000000070b900000| Untracked 
| 140|0x000000070ba00000, 0x000000070ba00000, 0x000000070bb00000|  0%| F|  |TAMS 0x000000070ba00000, 0x000000070ba00000| Untracked 
| 141|0x000000070bb00000, 0x000000070bb00000, 0x000000070bc00000|  0%| F|  |TAMS 0x000000070bb00000, 0x000000070bb00000| Untracked 
| 142|0x000000070bc00000, 0x000000070bc00000, 0x000000070bd00000|  0%| F|  |TAMS 0x000000070bc00000, 0x000000070bc00000| Untracked 
| 143|0x000000070bd00000, 0x000000070bd00000, 0x000000070be00000|  0%| F|  |TAMS 0x000000070bd00000, 0x000000070bd00000| Untracked 
| 144|0x000000070be00000, 0x000000070be00000, 0x000000070bf00000|  0%| F|  |TAMS 0x000000070be00000, 0x000000070be00000| Untracked 
| 145|0x000000070bf00000, 0x000000070bf00000, 0x000000070c000000|  0%| F|  |TAMS 0x000000070bf00000, 0x000000070bf00000| Untracked 
| 146|0x000000070c000000, 0x000000070c000000, 0x000000070c100000|  0%| F|  |TAMS 0x000000070c000000, 0x000000070c000000| Untracked 
| 147|0x000000070c100000, 0x000000070c100000, 0x000000070c200000|  0%| F|  |TAMS 0x000000070c100000, 0x000000070c100000| Untracked 
| 148|0x000000070c200000, 0x000000070c200000, 0x000000070c300000|  0%| F|  |TAMS 0x000000070c200000, 0x000000070c200000| Untracked 
| 149|0x000000070c300000, 0x000000070c300000, 0x000000070c400000|  0%| F|  |TAMS 0x000000070c300000, 0x000000070c300000| Untracked 
| 150|0x000000070c400000, 0x000000070c400000, 0x000000070c500000|  0%| F|  |TAMS 0x000000070c400000, 0x000000070c400000| Untracked 
| 151|0x000000070c500000, 0x000000070c500000, 0x000000070c600000|  0%| F|  |TAMS 0x000000070c500000, 0x000000070c500000| Untracked 
| 152|0x000000070c600000, 0x000000070c600000, 0x000000070c700000|  0%| F|  |TAMS 0x000000070c600000, 0x000000070c600000| Untracked 
| 153|0x000000070c700000, 0x000000070c700000, 0x000000070c800000|  0%| F|  |TAMS 0x000000070c700000, 0x000000070c700000| Untracked 
| 154|0x000000070c800000, 0x000000070c800000, 0x000000070c900000|  0%| F|  |TAMS 0x000000070c800000, 0x000000070c800000| Untracked 
| 155|0x000000070c900000, 0x000000070c900000, 0x000000070ca00000|  0%| F|  |TAMS 0x000000070c900000, 0x000000070c900000| Untracked 
| 156|0x000000070ca00000, 0x000000070ca00000, 0x000000070cb00000|  0%| F|  |TAMS 0x000000070ca00000, 0x000000070ca00000| Untracked 
| 157|0x000000070cb00000, 0x000000070cb00000, 0x000000070cc00000|  0%| F|  |TAMS 0x000000070cb00000, 0x000000070cb00000| Untracked 
| 158|0x000000070cc00000, 0x000000070cc00000, 0x000000070cd00000|  0%| F|  |TAMS 0x000000070cc00000, 0x000000070cc00000| Untracked 
| 159|0x000000070cd00000, 0x000000070cd00000, 0x000000070ce00000|  0%| F|  |TAMS 0x000000070cd00000, 0x000000070cd00000| Untracked 
| 160|0x000000070ce00000, 0x000000070ce00000, 0x000000070cf00000|  0%| F|  |TAMS 0x000000070ce00000, 0x000000070ce00000| Untracked 
| 161|0x000000070cf00000, 0x000000070cf00000, 0x000000070d000000|  0%| F|  |TAMS 0x000000070cf00000, 0x000000070cf00000| Untracked 
| 162|0x000000070d000000, 0x000000070d000000, 0x000000070d100000|  0%| F|  |TAMS 0x000000070d000000, 0x000000070d000000| Untracked 
| 163|0x000000070d100000, 0x000000070d100000, 0x000000070d200000|  0%| F|  |TAMS 0x000000070d100000, 0x000000070d100000| Untracked 
| 164|0x000000070d200000, 0x000000070d200000, 0x000000070d300000|  0%| F|  |TAMS 0x000000070d200000, 0x000000070d200000| Untracked 
| 165|0x000000070d300000, 0x000000070d300000, 0x000000070d400000|  0%| F|  |TAMS 0x000000070d300000, 0x000000070d300000| Untracked 
| 166|0x000000070d400000, 0x000000070d400000, 0x000000070d500000|  0%| F|  |TAMS 0x000000070d400000, 0x000000070d400000| Untracked 
| 167|0x000000070d500000, 0x000000070d500000, 0x000000070d600000|  0%| F|  |TAMS 0x000000070d500000, 0x000000070d500000| Untracked 
| 168|0x000000070d600000, 0x000000070d600000, 0x000000070d700000|  0%| F|  |TAMS 0x000000070d600000, 0x000000070d600000| Untracked 
| 169|0x000000070d700000, 0x000000070d700000, 0x000000070d800000|  0%| F|  |TAMS 0x000000070d700000, 0x000000070d700000| Untracked 
| 170|0x000000070d800000, 0x000000070d800000, 0x000000070d900000|  0%| F|  |TAMS 0x000000070d800000, 0x000000070d800000| Untracked 
| 171|0x000000070d900000, 0x000000070d900000, 0x000000070da00000|  0%| F|  |TAMS 0x000000070d900000, 0x000000070d900000| Untracked 
| 172|0x000000070da00000, 0x000000070da00000, 0x000000070db00000|  0%| F|  |TAMS 0x000000070da00000, 0x000000070da00000| Untracked 
| 173|0x000000070db00000, 0x000000070db00000, 0x000000070dc00000|  0%| F|  |TAMS 0x000000070db00000, 0x000000070db00000| Untracked 
| 174|0x000000070dc00000, 0x000000070dc00000, 0x000000070dd00000|  0%| F|  |TAMS 0x000000070dc00000, 0x000000070dc00000| Untracked 
| 175|0x000000070dd00000, 0x000000070dd00000, 0x000000070de00000|  0%| F|  |TAMS 0x000000070dd00000, 0x000000070dd00000| Untracked 
| 176|0x000000070de00000, 0x000000070de00000, 0x000000070df00000|  0%| F|  |TAMS 0x000000070de00000, 0x000000070de00000| Untracked 
| 177|0x000000070df00000, 0x000000070df00000, 0x000000070e000000|  0%| F|  |TAMS 0x000000070df00000, 0x000000070df00000| Untracked 
| 178|0x000000070e000000, 0x000000070e000000, 0x000000070e100000|  0%| F|  |TAMS 0x000000070e000000, 0x000000070e000000| Untracked 
| 179|0x000000070e100000, 0x000000070e100000, 0x000000070e200000|  0%| F|  |TAMS 0x000000070e100000, 0x000000070e100000| Untracked 
| 180|0x000000070e200000, 0x000000070e200000, 0x000000070e300000|  0%| F|  |TAMS 0x000000070e200000, 0x000000070e200000| Untracked 
| 181|0x000000070e300000, 0x000000070e300000, 0x000000070e400000|  0%| F|  |TAMS 0x000000070e300000, 0x000000070e300000| Untracked 
| 182|0x000000070e400000, 0x000000070e400000, 0x000000070e500000|  0%| F|  |TAMS 0x000000070e400000, 0x000000070e400000| Untracked 
| 183|0x000000070e500000, 0x000000070e500000, 0x000000070e600000|  0%| F|  |TAMS 0x000000070e500000, 0x000000070e500000| Untracked 
| 184|0x000000070e600000, 0x000000070e600000, 0x000000070e700000|  0%| F|  |TAMS 0x000000070e600000, 0x000000070e600000| Untracked 
| 185|0x000000070e700000, 0x000000070e700000, 0x000000070e800000|  0%| F|  |TAMS 0x000000070e700000, 0x000000070e700000| Untracked 
| 186|0x000000070e800000, 0x000000070e800000, 0x000000070e900000|  0%| F|  |TAMS 0x000000070e800000, 0x000000070e800000| Untracked 
| 187|0x000000070e900000, 0x000000070e900000, 0x000000070ea00000|  0%| F|  |TAMS 0x000000070e900000, 0x000000070e900000| Untracked 
| 188|0x000000070ea00000, 0x000000070ea00000, 0x000000070eb00000|  0%| F|  |TAMS 0x000000070ea00000, 0x000000070ea00000| Untracked 
| 189|0x000000070eb00000, 0x000000070eb00000, 0x000000070ec00000|  0%| F|  |TAMS 0x000000070eb00000, 0x000000070eb00000| Untracked 
| 190|0x000000070ec00000, 0x000000070ec00000, 0x000000070ed00000|  0%| F|  |TAMS 0x000000070ec00000, 0x000000070ec00000| Untracked 
| 191|0x000000070ed00000, 0x000000070ed00000, 0x000000070ee00000|  0%| F|  |TAMS 0x000000070ed00000, 0x000000070ed00000| Untracked 
| 192|0x000000070ee00000, 0x000000070ee00000, 0x000000070ef00000|  0%| F|  |TAMS 0x000000070ee00000, 0x000000070ee00000| Untracked 
| 193|0x000000070ef00000, 0x000000070ef00000, 0x000000070f000000|  0%| F|  |TAMS 0x000000070ef00000, 0x000000070ef00000| Untracked 
| 194|0x000000070f000000, 0x000000070f000000, 0x000000070f100000|  0%| F|  |TAMS 0x000000070f000000, 0x000000070f000000| Untracked 
| 195|0x000000070f100000, 0x000000070f100000, 0x000000070f200000|  0%| F|  |TAMS 0x000000070f100000, 0x000000070f100000| Untracked 
| 196|0x000000070f200000, 0x000000070f200000, 0x000000070f300000|  0%| F|  |TAMS 0x000000070f200000, 0x000000070f200000| Untracked 
| 197|0x000000070f300000, 0x000000070f300000, 0x000000070f400000|  0%| F|  |TAMS 0x000000070f300000, 0x000000070f300000| Untracked 
| 198|0x000000070f400000, 0x000000070f400000, 0x000000070f500000|  0%| F|  |TAMS 0x000000070f400000, 0x000000070f400000| Untracked 
| 199|0x000000070f500000, 0x000000070f500000, 0x000000070f600000|  0%| F|  |TAMS 0x000000070f500000, 0x000000070f500000| Untracked 
| 200|0x000000070f600000, 0x000000070f600000, 0x000000070f700000|  0%| F|  |TAMS 0x000000070f600000, 0x000000070f600000| Untracked 
| 201|0x000000070f700000, 0x000000070f700000, 0x000000070f800000|  0%| F|  |TAMS 0x000000070f700000, 0x000000070f700000| Untracked 
| 202|0x000000070f800000, 0x000000070f800000, 0x000000070f900000|  0%| F|  |TAMS 0x000000070f800000, 0x000000070f800000| Untracked 
| 203|0x000000070f900000, 0x000000070f900000, 0x000000070fa00000|  0%| F|  |TAMS 0x000000070f900000, 0x000000070f900000| Untracked 
| 204|0x000000070fa00000, 0x000000070fa00000, 0x000000070fb00000|  0%| F|  |TAMS 0x000000070fa00000, 0x000000070fa00000| Untracked 
| 205|0x000000070fb00000, 0x000000070fb00000, 0x000000070fc00000|  0%| F|  |TAMS 0x000000070fb00000, 0x000000070fb00000| Untracked 
| 206|0x000000070fc00000, 0x000000070fc00000, 0x000000070fd00000|  0%| F|  |TAMS 0x000000070fc00000, 0x000000070fc00000| Untracked 
| 207|0x000000070fd00000, 0x000000070fd00000, 0x000000070fe00000|  0%| F|  |TAMS 0x000000070fd00000, 0x000000070fd00000| Untracked 
| 208|0x000000070fe00000, 0x000000070fe00000, 0x000000070ff00000|  0%| F|  |TAMS 0x000000070fe00000, 0x000000070fe00000| Untracked 
| 209|0x000000070ff00000, 0x000000070ff00000, 0x0000000710000000|  0%| F|  |TAMS 0x000000070ff00000, 0x000000070ff00000| Untracked 
| 210|0x0000000710000000, 0x0000000710000000, 0x0000000710100000|  0%| F|  |TAMS 0x0000000710000000, 0x0000000710000000| Untracked 
| 211|0x0000000710100000, 0x0000000710100000, 0x0000000710200000|  0%| F|  |TAMS 0x0000000710100000, 0x0000000710100000| Untracked 
| 212|0x0000000710200000, 0x0000000710200000, 0x0000000710300000|  0%| F|  |TAMS 0x0000000710200000, 0x0000000710200000| Untracked 
| 213|0x0000000710300000, 0x0000000710300000, 0x0000000710400000|  0%| F|  |TAMS 0x0000000710300000, 0x0000000710300000| Untracked 
| 214|0x0000000710400000, 0x0000000710400000, 0x0000000710500000|  0%| F|  |TAMS 0x0000000710400000, 0x0000000710400000| Untracked 
| 215|0x0000000710500000, 0x0000000710500000, 0x0000000710600000|  0%| F|  |TAMS 0x0000000710500000, 0x0000000710500000| Untracked 
| 216|0x0000000710600000, 0x0000000710600000, 0x0000000710700000|  0%| F|  |TAMS 0x0000000710600000, 0x0000000710600000| Untracked 
| 217|0x0000000710700000, 0x0000000710700000, 0x0000000710800000|  0%| F|  |TAMS 0x0000000710700000, 0x0000000710700000| Untracked 
| 218|0x0000000710800000, 0x0000000710800000, 0x0000000710900000|  0%| F|  |TAMS 0x0000000710800000, 0x0000000710800000| Untracked 
| 219|0x0000000710900000, 0x000000071099f0c0, 0x0000000710a00000| 62%| S|CS|TAMS 0x0000000710900000, 0x0000000710900000| Complete 
| 220|0x0000000710a00000, 0x0000000710b00000, 0x0000000710b00000|100%| S|CS|TAMS 0x0000000710a00000, 0x0000000710a00000| Complete 
| 221|0x0000000710b00000, 0x0000000710c00000, 0x0000000710c00000|100%| S|CS|TAMS 0x0000000710b00000, 0x0000000710b00000| Complete 
| 222|0x0000000710c00000, 0x0000000710d00000, 0x0000000710d00000|100%| S|CS|TAMS 0x0000000710c00000, 0x0000000710c00000| Complete 
| 223|0x0000000710d00000, 0x0000000710e00000, 0x0000000710e00000|100%| S|CS|TAMS 0x0000000710d00000, 0x0000000710d00000| Complete 
| 224|0x0000000710e00000, 0x0000000710f00000, 0x0000000710f00000|100%| S|CS|TAMS 0x0000000710e00000, 0x0000000710e00000| Complete 
| 225|0x0000000710f00000, 0x0000000711000000, 0x0000000711000000|100%| S|CS|TAMS 0x0000000710f00000, 0x0000000710f00000| Complete 
| 226|0x0000000711000000, 0x0000000711000000, 0x0000000711100000|  0%| F|  |TAMS 0x0000000711000000, 0x0000000711000000| Untracked 
| 227|0x0000000711100000, 0x0000000711100000, 0x0000000711200000|  0%| F|  |TAMS 0x0000000711100000, 0x0000000711100000| Untracked 
| 228|0x0000000711200000, 0x0000000711200000, 0x0000000711300000|  0%| F|  |TAMS 0x0000000711200000, 0x0000000711200000| Untracked 
| 229|0x0000000711300000, 0x0000000711380800, 0x0000000711400000| 50%| E|  |TAMS 0x0000000711300000, 0x0000000711300000| Complete 
| 230|0x0000000711400000, 0x0000000711500000, 0x0000000711500000|100%| E|CS|TAMS 0x0000000711400000, 0x0000000711400000| Complete 
| 231|0x0000000711500000, 0x0000000711600000, 0x0000000711600000|100%| E|CS|TAMS 0x0000000711500000, 0x0000000711500000| Complete 
| 232|0x0000000711600000, 0x0000000711700000, 0x0000000711700000|100%| E|CS|TAMS 0x0000000711600000, 0x0000000711600000| Complete 
| 233|0x0000000711700000, 0x0000000711800000, 0x0000000711800000|100%| E|CS|TAMS 0x0000000711700000, 0x0000000711700000| Complete 
| 234|0x0000000711800000, 0x0000000711900000, 0x0000000711900000|100%| E|CS|TAMS 0x0000000711800000, 0x0000000711800000| Complete 
| 235|0x0000000711900000, 0x0000000711a00000, 0x0000000711a00000|100%| E|CS|TAMS 0x0000000711900000, 0x0000000711900000| Complete 
| 236|0x0000000711a00000, 0x0000000711b00000, 0x0000000711b00000|100%| E|CS|TAMS 0x0000000711a00000, 0x0000000711a00000| Complete 
| 237|0x0000000711b00000, 0x0000000711c00000, 0x0000000711c00000|100%| E|CS|TAMS 0x0000000711b00000, 0x0000000711b00000| Complete 
| 238|0x0000000711c00000, 0x0000000711d00000, 0x0000000711d00000|100%| E|CS|TAMS 0x0000000711c00000, 0x0000000711c00000| Complete 
| 239|0x0000000711d00000, 0x0000000711e00000, 0x0000000711e00000|100%| E|CS|TAMS 0x0000000711d00000, 0x0000000711d00000| Complete 
| 240|0x0000000711e00000, 0x0000000711f00000, 0x0000000711f00000|100%| E|CS|TAMS 0x0000000711e00000, 0x0000000711e00000| Complete 
| 241|0x0000000711f00000, 0x0000000712000000, 0x0000000712000000|100%| E|CS|TAMS 0x0000000711f00000, 0x0000000711f00000| Complete 
| 242|0x0000000712000000, 0x0000000712100000, 0x0000000712100000|100%| E|CS|TAMS 0x0000000712000000, 0x0000000712000000| Complete 
| 243|0x0000000712100000, 0x0000000712200000, 0x0000000712200000|100%| E|CS|TAMS 0x0000000712100000, 0x0000000712100000| Complete 
| 244|0x0000000712200000, 0x0000000712300000, 0x0000000712300000|100%| E|CS|TAMS 0x0000000712200000, 0x0000000712200000| Complete 
| 245|0x0000000712300000, 0x0000000712400000, 0x0000000712400000|100%| E|CS|TAMS 0x0000000712300000, 0x0000000712300000| Complete 
| 246|0x0000000712400000, 0x0000000712500000, 0x0000000712500000|100%| E|CS|TAMS 0x0000000712400000, 0x0000000712400000| Complete 
| 247|0x0000000712500000, 0x0000000712600000, 0x0000000712600000|100%| E|CS|TAMS 0x0000000712500000, 0x0000000712500000| Complete 
| 248|0x0000000712600000, 0x0000000712700000, 0x0000000712700000|100%| E|CS|TAMS 0x0000000712600000, 0x0000000712600000| Complete 
| 249|0x0000000712700000, 0x0000000712800000, 0x0000000712800000|100%| E|CS|TAMS 0x0000000712700000, 0x0000000712700000| Complete 
| 250|0x0000000712800000, 0x0000000712900000, 0x0000000712900000|100%| E|CS|TAMS 0x0000000712800000, 0x0000000712800000| Complete 
| 251|0x0000000712900000, 0x0000000712a00000, 0x0000000712a00000|100%| E|CS|TAMS 0x0000000712900000, 0x0000000712900000| Complete 
| 252|0x0000000712a00000, 0x0000000712b00000, 0x0000000712b00000|100%| E|CS|TAMS 0x0000000712a00000, 0x0000000712a00000| Complete 
| 253|0x0000000712b00000, 0x0000000712c00000, 0x0000000712c00000|100%| E|CS|TAMS 0x0000000712b00000, 0x0000000712b00000| Complete 

Card table byte_map: [0x000001b3f0ee0000,0x000001b3f16d0000] _byte_map_base: 0x000001b3ed6c9000

Marking Bits (Prev, Next): (CMBitMap*) 0x000001b3d7c1d5c0, (CMBitMap*) 0x000001b3d7c1d588
 Prev Bits: [0x000001b3f5e10000, 0x000001b3f9d58000)
 Next Bits: [0x000001b3f1ec0000, 0x000001b3f5e08000)

Polling page: 0x000001b3d7a20000

Metaspace:

Usage:
  Non-class:     23.06 MB capacity,    22.38 MB ( 97%) used,   569.94 KB (  2%) free+waste,   122.25 KB ( <1%) overhead. 
      Class:      3.82 MB capacity,     3.36 MB ( 88%) used,   400.98 KB ( 10%) free+waste,    64.62 KB (  2%) overhead. 
       Both:     26.88 MB capacity,    25.75 MB ( 96%) used,   970.92 KB (  4%) free+waste,   186.88 KB ( <1%) overhead. 

Virtual space:
  Non-class space:       24.00 MB reserved,      23.25 MB ( 97%) committed 
      Class space:        1.00 GB reserved,       3.88 MB ( <1%) committed 
             Both:        1.02 GB reserved,      27.12 MB (  3%) committed 

Chunk freelists:
   Non-Class:  384 bytes
       Class:  0 bytes
        Both:  384 bytes

CodeHeap 'non-profiled nmethods': size=120000Kb used=1176Kb max_used=1176Kb free=118823Kb
 bounds [0x000001b3e8540000, 0x000001b3e87b0000, 0x000001b3efa70000]
CodeHeap 'profiled nmethods': size=120000Kb used=4911Kb max_used=4911Kb free=115088Kb
 bounds [0x000001b3e1010000, 0x000001b3e14e0000, 0x000001b3e8540000]
CodeHeap 'non-nmethods': size=5760Kb used=1384Kb max_used=1402Kb free=4375Kb
 bounds [0x000001b3e0a70000, 0x000001b3e0ce0000, 0x000001b3e1010000]
 total_blobs=3601 nmethods=2780 adapters=731
 compilation: enabled
              stopped_count=0, restarted_count=0
 full_count=0

Compilation events (10 events):
Event: 3.204 Thread 0x000001b3fd41f000 2775       3       com.sun.javafx.text.TextRun::getPosY (39 bytes)
Event: 3.204 Thread 0x000001b3fd41f000 nmethod 2775 0x000001b3e14d8e90 code [0x000001b3e14d9040, 0x000001b3e14d9258]
Event: 3.204 Thread 0x000001b3fd41f000 2774       1       com.sun.prism.impl.BaseGraphics::setCompositeMode (6 bytes)
Event: 3.204 Thread 0x000001b3fd41f000 nmethod 2774 0x000001b3e8665a10 code [0x000001b3e8665ba0, 0x000001b3e8665cb8]
Event: 3.204 Thread 0x000001b3fd41f000 2776       1       com.sun.prism.impl.BaseGraphics::isAntialiasedShape (5 bytes)
Event: 3.204 Thread 0x000001b3fd41f000 nmethod 2776 0x000001b3e8665d10 code [0x000001b3e8665ea0, 0x000001b3e8665f58]
Event: 3.204 Thread 0x000001b3fd41f000 2777       3       com.sun.javafx.geom.transform.Translate2D::getDegree (4 bytes)
Event: 3.204 Thread 0x000001b3fd41f000 nmethod 2777 0x000001b3e14d9310 code [0x000001b3e14d94a0, 0x000001b3e14d95b8]
Event: 3.204 Thread 0x000001b3fd41f000 2778       3       com.sun.javafx.font.CompositeStrike::getStrikeSlot (165 bytes)
Event: 3.204 Thread 0x000001b3fd41c000 2779       4       com.sun.prism.impl.VertexBuffer::putColor (53 bytes)

GC Heap History (4 events):
Event: 0.518 GC heap before
{Heap before GC invocations=0 (full 0):
 garbage-first heap   total 260096K, used 23552K [0x0000000702e00000, 0x0000000800000000)
  region size 1024K, 24 young (24576K), 0 survivors (0K)
 Metaspace       used 13091K, capacity 13453K, committed 13696K, reserved 1060864K
  class space    used 1393K, capacity 1548K, committed 1664K, reserved 1048576K
}
Event: 0.520 GC heap after
{Heap after GC invocations=1 (full 0):
 garbage-first heap   total 260096K, used 3190K [0x0000000702e00000, 0x0000000800000000)
  region size 1024K, 3 young (3072K), 3 survivors (3072K)
 Metaspace       used 13091K, capacity 13453K, committed 13696K, reserved 1060864K
  class space    used 1393K, capacity 1548K, committed 1664K, reserved 1048576K
}
Event: 0.773 GC heap before
{Heap before GC invocations=1 (full 0):
 garbage-first heap   total 260096K, used 27766K [0x0000000702e00000, 0x0000000800000000)
  region size 1024K, 28 young (28672K), 3 survivors (3072K)
 Metaspace       used 20621K, capacity 21157K, committed 21296K, reserved 1069056K
  class space    used 2488K, capacity 2724K, committed 2816K, reserved 1048576K
}
Event: 0.777 GC heap after
{Heap after GC invocations=2 (full 0):
 garbage-first heap   total 260096K, used 6898K [0x0000000702e00000, 0x0000000800000000)
  region size 1024K, 7 young (7168K), 7 survivors (7168K)
 Metaspace       used 20621K, capacity 21157K, committed 21296K, reserved 1069056K
  class space    used 2488K, capacity 2724K, committed 2816K, reserved 1048576K
}

Deoptimization events (10 events):
Event: 0.908 Thread 0x000001b3fdfcf000 Uncommon trap: reason=array_check action=maybe_recompile pc=0x000001b3e8602878 method=javafx.css.SimpleSelector.applies(Ljavafx/css/Styleable;[Ljava/util/Set;I)Z @ 37 c2
Event: 0.908 Thread 0x000001b3fdfcf000 Uncommon trap: reason=array_check action=maybe_recompile pc=0x000001b3e8602878 method=javafx.css.SimpleSelector.applies(Ljavafx/css/Styleable;[Ljava/util/Set;I)Z @ 37 c2
Event: 0.908 Thread 0x000001b3fdfcf000 Uncommon trap: reason=array_check action=maybe_recompile pc=0x000001b3e8602878 method=javafx.css.SimpleSelector.applies(Ljavafx/css/Styleable;[Ljava/util/Set;I)Z @ 37 c2
Event: 0.908 Thread 0x000001b3fdfcf000 Uncommon trap: reason=array_check action=maybe_recompile pc=0x000001b3e8602878 method=javafx.css.SimpleSelector.applies(Ljavafx/css/Styleable;[Ljava/util/Set;I)Z @ 37 c2
Event: 0.922 Thread 0x000001b3fdfcf000 Uncommon trap: reason=unstable_if action=reinterpret pc=0x000001b3e85856e8 method=jdk.internal.org.objectweb.asm.Type.getArgumentsAndReturnSizes(Ljava/lang/String;)I @ 47 c2
Event: 0.922 Thread 0x000001b3fdfcf000 Uncommon trap: reason=unstable_if action=reinterpret pc=0x000001b3e85e04cc method=java.lang.invoke.InvokerBytecodeGenerator.loadInsnOpcode(Ljava/lang/invoke/LambdaForm$BasicType;)I @ 8 c2
Event: 0.966 Thread 0x000001b3fe066000 Uncommon trap: reason=unstable_if action=reinterpret pc=0x000001b3e861ee00 method=java.lang.invoke.LambdaForm$BasicType.basicType(C)Ljava/lang/invoke/LambdaForm$BasicType; @ 1 c2
Event: 1.023 Thread 0x000001b3fd418800 Uncommon trap: reason=unstable_if action=reinterpret pc=0x000001b3e85c38d0 method=java.util.concurrent.ConcurrentHashMap.putVal(Ljava/lang/Object;Ljava/lang/Object;Z)Ljava/lang/Object; @ 148 c2
Event: 3.100 Thread 0x000001b3fdfcf000 Uncommon trap: reason=class_check action=maybe_recompile pc=0x000001b3e8658cf4 method=javafx.scene.Node.getGeomBounds(Lcom/sun/javafx/geom/BaseBounds;Lcom/sun/javafx/geom/transform/BaseTransform;)Lcom/sun/javafx/geom/BaseBounds; @ 1 c2
Event: 3.100 Thread 0x000001b3fdfcf000 Uncommon trap: reason=unstable_if action=reinterpret pc=0x000001b3e8658d3c method=javafx.scene.Node.updateGeomBounds()V @ 4 c2

Classes redefined (0 events):
No events

Internal exceptions (10 events):
Event: 0.865 Thread 0x000001b3fdfcf000 Exception <a 'java/lang/ClassNotFoundException'{0x0000000712185478}: com/sun/javafx/scene/control/skin/resources/controls> (0x0000000712185478) thrown at [./open/src/hotspot/share/prims/jni.cpp, line 632]
Event: 0.865 Thread 0x000001b3fdfcf000 Exception <a 'java/lang/ClassNotFoundException'{0x0000000712192f40}: com/sun/javafx/scene/control/skin/resources/controls_pl> (0x0000000712192f40) thrown at [./open/src/hotspot/share/prims/jni.cpp, line 632]
Event: 0.865 Thread 0x000001b3fdfcf000 Exception <a 'java/lang/ClassNotFoundException'{0x0000000712194430}: com/sun/javafx/scene/control/skin/resources/controls_pl_PL> (0x0000000712194430) thrown at [./open/src/hotspot/share/prims/jni.cpp, line 632]
Event: 0.904 Thread 0x000001b3fdfcf000 Exception <a 'java/lang/NoSuchMethodError'{0x0000000711d7b4f8}: java.lang.invoke.DirectMethodHandle$Holder.invokeSpecialIFC(Ljava/lang/Object;Ljava/lang/Object;Ljava/lang/Object;Ljava/lang/Object;)V> (0x0000000711d7b4f8) thrown at [./open/src/hotspot/shar
Event: 0.922 Thread 0x000001b3fdfcf000 Exception <a 'java/lang/NoSuchMethodError'{0x0000000711c5ff08}: java.lang.invoke.DirectMethodHandle$Holder.invokeStaticInit(Ljava/lang/Object;Ljava/lang/Object;Ljava/lang/Object;)J> (0x0000000711c5ff08) thrown at [./open/src/hotspot/share/interpreter/link
Event: 0.923 Thread 0x000001b3fdfcf000 Exception <a 'java/lang/NoSuchMethodError'{0x0000000711c78838}: java.lang.invoke.DirectMethodHandle$Holder.invokeStatic(Ljava/lang/Object;Ljava/lang/Object;J)Ljava/lang/Object;> (0x0000000711c78838) thrown at [./open/src/hotspot/share/interpreter/linkReso
Event: 0.923 Thread 0x000001b3fdfcf000 Exception <a 'java/lang/NoSuchMethodError'{0x0000000711c7e9b0}: java.lang.invoke.Invokers$Holder.linkToTargetMethod(Ljava/lang/Object;JLjava/lang/Object;)Ljava/lang/Object;> (0x0000000711c7e9b0) thrown at [./open/src/hotspot/share/interpreter/linkResolver
Event: 0.939 Thread 0x000001b3fdfcf000 Exception <a 'java/lang/NoSuchMethodError'{0x0000000711aad5e8}: java.lang.invoke.DirectMethodHandle$Holder.invokeSpecial(Ljava/lang/Object;Ljava/lang/Object;IIIIIII)Ljava/lang/Object;> (0x0000000711aad5e8) thrown at [./open/src/hotspot/share/interpreter/l
Event: 0.939 Thread 0x000001b3fdfcf000 Exception <a 'java/lang/NoSuchMethodError'{0x0000000711ab0980}: java.lang.invoke.DelegatingMethodHandle$Holder.reinvoke_L(Ljava/lang/Object;IIIIIII)Ljava/lang/Object;> (0x0000000711ab0980) thrown at [./open/src/hotspot/share/interpreter/linkResolver.cpp, 
Event: 0.939 Thread 0x000001b3fdfcf000 Exception <a 'java/lang/NoSuchMethodError'{0x0000000711ad5908}: java.lang.invoke.DirectMethodHandle$Holder.invokeSpecial(Ljava/lang/Object;Ljava/lang/Object;IIII)Ljava/lang/Object;> (0x0000000711ad5908) thrown at [./open/src/hotspot/share/interpreter/link

Events (10 events):
Event: 3.100 Thread 0x000001b3fdfcf000 DEOPT UNPACKING pc=0x000001b3e0a968af sp=0x00000063e68f9530 mode 2
Event: 3.100 Thread 0x000001b3fdfcf000 Uncommon trap: trap_request=0xffffff4d fr.pc=0x000001b3e8658d3c relative=0x000000000000061c
Event: 3.100 Thread 0x000001b3fdfcf000 DEOPT PACKING pc=0x000001b3e8658d3c sp=0x00000063e68f9660
Event: 3.100 Thread 0x000001b3fdfcf000 DEOPT UNPACKING pc=0x000001b3e0a968af sp=0x00000063e68f9520 mode 2
Event: 3.100 loading class com/sun/javafx/tk/quantum/QuantumToolkit
Event: 3.100 loading class com/sun/javafx/tk/quantum/QuantumToolkit done
Event: 3.100 loading class com/sun/javafx/tk/quantum/QuantumToolkit
Event: 3.100 loading class com/sun/javafx/tk/quantum/QuantumToolkit done
Event: 3.100 loading class com/sun/javafx/tk/RenderJob
Event: 3.100 loading class com/sun/javafx/tk/RenderJob done


Dynamic libraries:
0x00007ff673e50000 - 0x00007ff673e60000 	C:\Program Files\Java\jdk-11\bin\java.exe
0x00007ffe24a90000 - 0x00007ffe24c88000 	C:\Windows\SYSTEM32\ntdll.dll
0x00007ffe248e0000 - 0x00007ffe2499f000 	C:\Windows\System32\KERNEL32.DLL
0x00007ffe222c0000 - 0x00007ffe225b6000 	C:\Windows\System32\KERNELBASE.dll
0x00007ffe226e0000 - 0x00007ffe227e0000 	C:\Windows\System32\ucrtbase.dll
0x00007ffe1e060000 - 0x00007ffe1e079000 	C:\Program Files\Java\jdk-11\bin\jli.dll
0x00007ffe24180000 - 0x00007ffe2422f000 	C:\Windows\System32\ADVAPI32.dll
0x00007ffe24840000 - 0x00007ffe248de000 	C:\Windows\System32\msvcrt.dll
0x00007ffe23b80000 - 0x00007ffe23c1c000 	C:\Windows\System32\sechost.dll
0x00007ffe1e040000 - 0x00007ffe1e05b000 	C:\Program Files\Java\jdk-11\bin\VCRUNTIME140.dll
0x00007ffe243b0000 - 0x00007ffe244d6000 	C:\Windows\System32\RPCRT4.dll
0x00007ffe238b0000 - 0x00007ffe23a4d000 	C:\Windows\System32\USER32.dll
0x00007ffe22870000 - 0x00007ffe22892000 	C:\Windows\System32\win32u.dll
0x00007ffe140d0000 - 0x00007ffe1436a000 	C:\Windows\WinSxS\amd64_microsoft.windows.common-controls_6595b64144ccf1df_6.0.19041.1110_none_60b5254171f9507e\COMCTL32.dll
0x00007ffe23b20000 - 0x00007ffe23b4c000 	C:\Windows\System32\GDI32.dll
0x00007ffe225c0000 - 0x00007ffe226d5000 	C:\Windows\System32\gdi32full.dll
0x00007ffe228f0000 - 0x00007ffe2298d000 	C:\Windows\System32\msvcp_win.dll
0x00007ffe1cc90000 - 0x00007ffe1cc9a000 	C:\Windows\SYSTEM32\VERSION.dll
0x00007ffe23b50000 - 0x00007ffe23b80000 	C:\Windows\System32\IMM32.DLL
0x00007ffe1e030000 - 0x00007ffe1e03c000 	C:\Program Files\Java\jdk-11\bin\vcruntime140_1.dll
0x00007ffe188b0000 - 0x00007ffe1893e000 	C:\Program Files\Java\jdk-11\bin\msvcp140.dll
0x00007ffdfb360000 - 0x00007ffdfbecc000 	C:\Program Files\Java\jdk-11\bin\server\jvm.dll
0x00007ffe23840000 - 0x00007ffe23848000 	C:\Windows\System32\PSAPI.DLL
0x00007ffe0a930000 - 0x00007ffe0a939000 	C:\Windows\SYSTEM32\WSOCK32.dll
0x00007ffe17830000 - 0x00007ffe17857000 	C:\Windows\SYSTEM32\WINMM.dll
0x00007ffe23ab0000 - 0x00007ffe23b1b000 	C:\Windows\System32\WS2_32.dll
0x00007ffe1ff60000 - 0x00007ffe1ff72000 	C:\Windows\SYSTEM32\kernel.appcore.dll
0x00007ffe1e020000 - 0x00007ffe1e030000 	C:\Program Files\Java\jdk-11\bin\verify.dll
0x00007ffe16c40000 - 0x00007ffe16e24000 	C:\Windows\SYSTEM32\DBGHELP.DLL
0x00007ffe079d0000 - 0x00007ffe07a04000 	C:\Windows\SYSTEM32\dbgcore.DLL
0x00007ffe227e0000 - 0x00007ffe22862000 	C:\Windows\System32\bcryptPrimitives.dll
0x00007ffe1dff0000 - 0x00007ffe1e018000 	C:\Program Files\Java\jdk-11\bin\java.dll
0x00007ffe18a60000 - 0x00007ffe18a6a000 	C:\Program Files\Java\jdk-11\bin\jimage.dll
0x00007ffe187f0000 - 0x00007ffe187fe000 	C:\Program Files\Java\jdk-11\bin\instrument.dll
0x00007ffe18890000 - 0x00007ffe188a7000 	C:\Program Files\Java\jdk-11\bin\zip.dll
0x00007ffe22ba0000 - 0x00007ffe232e4000 	C:\Windows\System32\SHELL32.dll
0x00007ffe20240000 - 0x00007ffe209d3000 	C:\Windows\SYSTEM32\windows.storage.dll
0x00007ffe244e0000 - 0x00007ffe24834000 	C:\Windows\System32\combase.dll
0x00007ffe21bc0000 - 0x00007ffe21bee000 	C:\Windows\SYSTEM32\Wldp.dll
0x00007ffe22af0000 - 0x00007ffe22b9d000 	C:\Windows\System32\SHCORE.dll
0x00007ffe23760000 - 0x00007ffe237b5000 	C:\Windows\System32\shlwapi.dll
0x00007ffe220b0000 - 0x00007ffe220cf000 	C:\Windows\SYSTEM32\profapi.dll
0x00007ffe18720000 - 0x00007ffe18739000 	C:\Program Files\Java\jdk-11\bin\net.dll
0x00007ffe1c850000 - 0x00007ffe1c95a000 	C:\Windows\SYSTEM32\WINHTTP.dll
0x00007ffe21920000 - 0x00007ffe2198a000 	C:\Windows\system32\mswsock.dll
0x00007ffe18700000 - 0x00007ffe18712000 	C:\Program Files\Java\jdk-11\bin\nio.dll
0x00007ffdfef70000 - 0x00007ffdfef8a000 	C:\Program Files\JetBrains\IntelliJ IDEA Community Edition 2023.1\bin\breakgen64.dll
0x000001b3ff010000 - 0x000001b3ff013000 	C:\Program Files\javafx-sdk-11.0.2\bin\api-ms-win-core-console-l1-1-0.dll
0x000001b3ff020000 - 0x000001b3ff023000 	C:\Program Files\javafx-sdk-11.0.2\bin\api-ms-win-core-datetime-l1-1-0.dll
0x000001b3ff030000 - 0x000001b3ff033000 	C:\Program Files\javafx-sdk-11.0.2\bin\api-ms-win-core-debug-l1-1-0.dll
0x000001b3ff040000 - 0x000001b3ff043000 	C:\Program Files\javafx-sdk-11.0.2\bin\api-ms-win-core-errorhandling-l1-1-0.dll
0x000001b3ff050000 - 0x000001b3ff054000 	C:\Program Files\javafx-sdk-11.0.2\bin\api-ms-win-core-file-l1-1-0.dll
0x000001b3ff060000 - 0x000001b3ff063000 	C:\Program Files\javafx-sdk-11.0.2\bin\api-ms-win-core-file-l1-2-0.dll
0x000001b3ff070000 - 0x000001b3ff073000 	C:\Program Files\javafx-sdk-11.0.2\bin\api-ms-win-core-file-l2-1-0.dll
0x000001b3ff080000 - 0x000001b3ff083000 	C:\Program Files\javafx-sdk-11.0.2\bin\api-ms-win-core-handle-l1-1-0.dll
0x000001b3ff090000 - 0x000001b3ff093000 	C:\Program Files\javafx-sdk-11.0.2\bin\api-ms-win-core-heap-l1-1-0.dll
0x000001b3ff0a0000 - 0x000001b3ff0a3000 	C:\Program Files\javafx-sdk-11.0.2\bin\api-ms-win-core-interlocked-l1-1-0.dll
0x000001b3ff0b0000 - 0x000001b3ff0b3000 	C:\Program Files\javafx-sdk-11.0.2\bin\api-ms-win-core-libraryloader-l1-1-0.dll
0x000001b3ff0c0000 - 0x000001b3ff0c3000 	C:\Program Files\javafx-sdk-11.0.2\bin\api-ms-win-core-localization-l1-2-0.dll
0x000001b3ff0d0000 - 0x000001b3ff0d3000 	C:\Program Files\javafx-sdk-11.0.2\bin\api-ms-win-core-memory-l1-1-0.dll
0x000001b3ff0e0000 - 0x000001b3ff0e3000 	C:\Program Files\javafx-sdk-11.0.2\bin\api-ms-win-core-namedpipe-l1-1-0.dll
0x000001b3ff0f0000 - 0x000001b3ff0f3000 	C:\Program Files\javafx-sdk-11.0.2\bin\api-ms-win-core-processenvironment-l1-1-0.dll
0x000001b3ff100000 - 0x000001b3ff103000 	C:\Program Files\javafx-sdk-11.0.2\bin\api-ms-win-core-processthreads-l1-1-0.dll
0x000001b3ff110000 - 0x000001b3ff113000 	C:\Program Files\javafx-sdk-11.0.2\bin\api-ms-win-core-processthreads-l1-1-1.dll
0x000001b3ff120000 - 0x000001b3ff123000 	C:\Program Files\javafx-sdk-11.0.2\bin\api-ms-win-core-profile-l1-1-0.dll
0x000001b3ff130000 - 0x000001b3ff133000 	C:\Program Files\javafx-sdk-11.0.2\bin\api-ms-win-core-rtlsupport-l1-1-0.dll
0x000001b3ff140000 - 0x000001b3ff143000 	C:\Program Files\javafx-sdk-11.0.2\bin\api-ms-win-core-string-l1-1-0.dll
0x000001b3ff150000 - 0x000001b3ff153000 	C:\Program Files\javafx-sdk-11.0.2\bin\api-ms-win-core-synch-l1-1-0.dll
0x000001b3ff160000 - 0x000001b3ff163000 	C:\Program Files\javafx-sdk-11.0.2\bin\api-ms-win-core-synch-l1-2-0.dll
0x000001b3ff170000 - 0x000001b3ff173000 	C:\Program Files\javafx-sdk-11.0.2\bin\api-ms-win-core-sysinfo-l1-1-0.dll
0x000001b3ff180000 - 0x000001b3ff183000 	C:\Program Files\javafx-sdk-11.0.2\bin\api-ms-win-core-timezone-l1-1-0.dll
0x000001b3ff190000 - 0x000001b3ff193000 	C:\Program Files\javafx-sdk-11.0.2\bin\api-ms-win-core-util-l1-1-0.dll
0x000001b3ff1a0000 - 0x000001b3ff1a3000 	C:\Program Files\javafx-sdk-11.0.2\bin\api-ms-win-crt-conio-l1-1-0.dll
0x000001b3ff1b0000 - 0x000001b3ff1b4000 	C:\Program Files\javafx-sdk-11.0.2\bin\api-ms-win-crt-convert-l1-1-0.dll
0x000001b3ff1c0000 - 0x000001b3ff1c3000 	C:\Program Files\javafx-sdk-11.0.2\bin\api-ms-win-crt-environment-l1-1-0.dll
0x000001b3ff1d0000 - 0x000001b3ff1d3000 	C:\Program Files\javafx-sdk-11.0.2\bin\api-ms-win-crt-filesystem-l1-1-0.dll
0x000001b3ff1e0000 - 0x000001b3ff1e3000 	C:\Program Files\javafx-sdk-11.0.2\bin\api-ms-win-crt-heap-l1-1-0.dll
0x000001b3ff1f0000 - 0x000001b3ff1f3000 	C:\Program Files\javafx-sdk-11.0.2\bin\api-ms-win-crt-locale-l1-1-0.dll
0x000001b3ff200000 - 0x000001b3ff205000 	C:\Program Files\javafx-sdk-11.0.2\bin\api-ms-win-crt-math-l1-1-0.dll
0x000001b3ff210000 - 0x000001b3ff215000 	C:\Program Files\javafx-sdk-11.0.2\bin\api-ms-win-crt-multibyte-l1-1-0.dll
0x000001b3ff220000 - 0x000001b3ff230000 	C:\Program Files\javafx-sdk-11.0.2\bin\api-ms-win-crt-private-l1-1-0.dll
0x000001b3ff230000 - 0x000001b3ff233000 	C:\Program Files\javafx-sdk-11.0.2\bin\api-ms-win-crt-process-l1-1-0.dll
0x000001b3ff240000 - 0x000001b3ff244000 	C:\Program Files\javafx-sdk-11.0.2\bin\api-ms-win-crt-runtime-l1-1-0.dll
0x000001b3ff250000 - 0x000001b3ff254000 	C:\Program Files\javafx-sdk-11.0.2\bin\api-ms-win-crt-stdio-l1-1-0.dll
0x000001b3ff260000 - 0x000001b3ff264000 	C:\Program Files\javafx-sdk-11.0.2\bin\api-ms-win-crt-string-l1-1-0.dll
0x000001b3ff270000 - 0x000001b3ff273000 	C:\Program Files\javafx-sdk-11.0.2\bin\api-ms-win-crt-time-l1-1-0.dll
0x000001b3ff280000 - 0x000001b3ff283000 	C:\Program Files\javafx-sdk-11.0.2\bin\api-ms-win-crt-utility-l1-1-0.dll
0x00007ffdecde0000 - 0x00007ffdeceda000 	C:\Program Files\javafx-sdk-11.0.2\bin\ucrtbase.dll
0x00007ffdfef10000 - 0x00007ffdfef26000 	C:\Program Files\javafx-sdk-11.0.2\bin\vcruntime140.dll
0x00007ffdc7410000 - 0x00007ffdc74b6000 	C:\Program Files\javafx-sdk-11.0.2\bin\msvcp140.dll
0x00007ffdfb060000 - 0x00007ffdfb0b1000 	C:\Program Files\javafx-sdk-11.0.2\bin\concrt140.dll
0x00007ffdf2200000 - 0x00007ffdf2223000 	C:\Program Files\javafx-sdk-11.0.2\bin\prism_d3d.dll
0x00007ffdc7e40000 - 0x00007ffdc800d000 	C:\Windows\system32\d3d9.dll
0x00007ffe1ff30000 - 0x00007ffe1ff5f000 	C:\Windows\SYSTEM32\dwmapi.dll
0x00007ffe1fb70000 - 0x00007ffe1fc0e000 	C:\Windows\system32\uxtheme.dll
0x00007ffe13510000 - 0x00007ffe135cd000 	C:\Windows\System32\DriverStore\FileRepository\nv_dispig.inf_amd64_50916785244854f2\nvldumdx.dll
0x00007ffe21d50000 - 0x00007ffe21d62000 	C:\Windows\SYSTEM32\msasn1.dll
0x00007ffe1cc30000 - 0x00007ffe1cc61000 	C:\Windows\SYSTEM32\cryptnet.dll
0x00007ffe22990000 - 0x00007ffe22aee000 	C:\Windows\System32\CRYPT32.dll
0x00007ffe1cae0000 - 0x00007ffe1cc28000 	C:\Windows\SYSTEM32\drvstore.dll
0x00007ffe21f20000 - 0x00007ffe21f4c000 	C:\Windows\SYSTEM32\devobj.dll
0x00007ffe228a0000 - 0x00007ffe228ee000 	C:\Windows\System32\cfgmgr32.dll
0x00007ffe21b30000 - 0x00007ffe21b3c000 	C:\Windows\SYSTEM32\cryptbase.dll
0x00007ffe22250000 - 0x00007ffe222b7000 	C:\Windows\System32\WINTRUST.DLL
0x00007ffe249a0000 - 0x00007ffe249bd000 	C:\Windows\System32\imagehlp.dll
0x00007ffe21b10000 - 0x00007ffe21b28000 	C:\Windows\SYSTEM32\CRYPTSP.dll
0x00007ffe211d0000 - 0x00007ffe21204000 	C:\Windows\system32\rsaenh.dll
0x00007ffe22220000 - 0x00007ffe22247000 	C:\Windows\System32\bcrypt.dll
0x00007ffdb3790000 - 0x00007ffdb6686000 	C:\Windows\System32\DriverStore\FileRepository\nv_dispig.inf_amd64_50916785244854f2\nvd3dumx.dll
0x00007ffdf21b0000 - 0x00007ffdf21f5000 	C:\Program Files\javafx-sdk-11.0.2\bin\glass.dll
0x00007ffe240a0000 - 0x00007ffe2417a000 	C:\Windows\System32\COMDLG32.dll
0x00007ffe23d00000 - 0x00007ffe23e2a000 	C:\Windows\System32\ole32.dll
0x00007ffe23c30000 - 0x00007ffe23cfd000 	C:\Windows\System32\OLEAUT32.dll
0x0000000180000000 - 0x0000000188073000 	C:\Program Files (x86)\ASUS\GPUTweakIII\GTIII-OSD\x64\GTIII-OSD64-VK.dll
0x00007ffdc8040000 - 0x00007ffdc81ae000 	C:\Windows\SYSTEM32\vulkan-1.dll
0x00007ffe20a20000 - 0x00007ffe20b13000 	C:\Windows\system32\dxgi.dll
0x00007ffe24290000 - 0x00007ffe243a4000 	C:\Windows\System32\MSCTF.dll
0x00007ffdc7b60000 - 0x00007ffdc7e31000 	C:\Windows\system32\nvspcap64.dll
0x00007ffe212f0000 - 0x00007ffe21323000 	C:\Windows\SYSTEM32\ntmarta.dll
0x00007ffe209f0000 - 0x00007ffe20a13000 	C:\Windows\SYSTEM32\gpapi.dll
0x00007ffe135d0000 - 0x00007ffe1360b000 	C:\Windows\SYSTEM32\dxcore.dll
0x00007ffdfc630000 - 0x00007ffdfc644000 	C:\Program Files\javafx-sdk-11.0.2\bin\javafx_font.dll
0x00007ffd9f500000 - 0x00007ffda32b0000 	C:\Program Files\javafx-sdk-11.0.2\bin\jfxwebkit.dll
0x00007ffe12aa0000 - 0x00007ffe12d1f000 	C:\Windows\SYSTEM32\dwrite.dll
0x00007ffe23e40000 - 0x00007ffe23ee9000 	C:\Windows\System32\clbcatq.dll
0x00007ffe16620000 - 0x00007ffe167d4000 	C:\Windows\SYSTEM32\WindowsCodecs.dll
0x00007ffdff000000 - 0x00007ffdff03e000 	C:\Windows\system32\dataexchange.dll
0x00007ffe1ef40000 - 0x00007ffe1f123000 	C:\Windows\system32\dcomp.dll

dbghelp: loaded successfully - version: 4.0.5 - missing functions: none
symbol engine: initialized successfully - sym options: 0x614 - pdb path: .;C:\Program Files\Java\jdk-11\bin;C:\Windows\SYSTEM32;C:\Windows\WinSxS\amd64_microsoft.windows.common-controls_6595b64144ccf1df_6.0.19041.1110_none_60b5254171f9507e;C:\Program Files\Java\jdk-11\bin\server;C:\Program Files\JetBrains\IntelliJ IDEA Community Edition 2023.1\bin;C:\Program Files\javafx-sdk-11.0.2\bin;C:\Windows\System32\DriverStore\FileRepository\nv_dispig.inf_amd64_50916785244854f2;C:\Program Files (x86)\ASUS\GPUTweakIII\GTIII-OSD\x64;C:\Program Files\Common Files\Microsoft Shared\Ink

VM Arguments:
jvm_args: -javaagent:C:\Program Files\JetBrains\IntelliJ IDEA Community Edition 2023.1\lib\idea_rt.jar=50237:C:\Program Files\JetBrains\IntelliJ IDEA Community Edition 2023.1\bin -Dfile.encoding=UTF-8 --module-path=C:\Program Files\javafx-sdk-11.0.2\lib\javafx.web.jar;C:\Users\Ignition\Repos\Advanced Java programming with JavaFx\JavaFxEmailClient\out\production\JavaFxEmailClient;C:\Program Files\javafx-sdk-11.0.2\lib\javafx.fxml.jar;C:\Program Files\javafx-sdk-11.0.2\lib\javafx.base.jar;C:\Program Files\javafx-sdk-11.0.2\lib\javafx.graphics.jar;C:\Program Files\javafx-sdk-11.0.2\lib\javafx.media.jar;C:\Program Files\javafx-sdk-11.0.2\lib\javafx.controls.jar -Djdk.module.main=JavaFxEmailClient 
java_command: JavaFxEmailClient/com.barosanu.Launcher
java_class_path (initial): C:\Program Files\javafx-sdk-11.0.2\lib\javafx-swt.jar;C:\Program Files\javafx-sdk-11.0.2\lib\javafx.swing.jar
Launcher Type: SUN_STANDARD

[Global flags]
     intx CICompilerCount                          = 4                                         {product} {ergonomic}
     uint ConcGCThreads                            = 3                                         {product} {ergonomic}
     uint G1ConcRefinementThreads                  = 10                                        {product} {ergonomic}
   size_t G1HeapRegionSize                         = 1048576                                   {product} {ergonomic}
    uintx GCDrainStackTargetSize                   = 64                                        {product} {ergonomic}
   size_t InitialHeapSize                          = 266338304                                 {product} {ergonomic}
   size_t MarkStackSize                            = 4194304                                   {product} {ergonomic}
   size_t MaxHeapSize                              = 4246732800                                {product} {ergonomic}
   size_t MaxNewSize                               = 2548039680                                {product} {ergonomic}
   size_t MinHeapDeltaBytes                        = 1048576                                   {product} {ergonomic}
    uintx NonNMethodCodeHeapSize                   = 5836300                                {pd product} {ergonomic}
    uintx NonProfiledCodeHeapSize                  = 122910970                              {pd product} {ergonomic}
    uintx ProfiledCodeHeapSize                     = 122910970                              {pd product} {ergonomic}
    uintx ReservedCodeCacheSize                    = 251658240                              {pd product} {ergonomic}
     bool SegmentedCodeCache                       = true                                      {product} {ergonomic}
     bool UseCompressedClassPointers               = true                                 {lp64_product} {ergonomic}
     bool UseCompressedOops                        = true                                 {lp64_product} {ergonomic}
     bool UseG1GC                                  = true                                      {product} {ergonomic}
     bool UseLargePagesIndividualAllocation        = false                                  {pd product} {ergonomic}

Logging:
Log output configuration:
 #0: stdout all=warning uptime,level,tags
 #1: stderr all=off uptime,level,tags

Environment Variables:
PATH=C:\Program Files\Common Files\Oracle\Java\javapath;C:\Windows\system32;C:\Windows;C:\Windows\System32\Wbem;C:\Windows\System32\WindowsPowerShell\v1.0\;C:\Windows\System32\OpenSSH\;C:\Program Files (x86)\NVIDIA Corporation\PhysX\Common;C:\Program Files\NVIDIA Corporation\NVIDIA NvDLISR;C:\Program Files\dotnet\;C:\Program Files\Git\cmd;C:\Program Files\apache-maven-3.9.2\bin;C:\Users\Ignition\AppData\Local\Microsoft\WindowsApps;;C:\Users\Ignition\AppData\Local\Programs\Microsoft VS Code\bin;C:\Program Files\JetBrains\IntelliJ IDEA Community Edition 2023.1\bin;
USERNAME=Ignition
OS=Windows_NT
PROCESSOR_IDENTIFIER=Intel64 Family 6 Model 151 Stepping 2, GenuineIntel



---------------  S Y S T E M  ---------------

OS: Windows 10 , 64 bit Build 19041 (10.0.19041.3031)

CPU:total 12 (initial active 12) (6 cores per cpu, 2 threads per core) family 6 model 151 stepping 2 microcode 0x25, cmov, cx8, fxsr, mmx, sse, sse2, sse3, ssse3, sse4.1, sse4.2, popcnt, avx, avx2, aes, clmul, erms, 3dnowpref, lzcnt, ht, tsc, tscinvbit, bmi1, bmi2, adx, sha, fma

Memory: 4k page, system-wide physical 16197M (9380M free)
TotalPageFile size 28997M (AvailPageFile size 14094M)
current process WorkingSet (physical memory assigned to process): 199M, peak: 199M
current process commit charge ("private bytes"): 744M, peak: 744M

vm_info: Java HotSpot(TM) 64-Bit Server VM (11.0.19+9-LTS-224) for windows-amd64 JRE (11.0.19+9-LTS-224), built on Mar 27 2023 08:48:55 by "mach5one" with MS VC++ 17.1 (VS2022)

END.
